<?xml version="1.0" encoding="utf-8"?>
<TestRun id="05f9587b-550e-44bb-a65b-6238e6248e14" name="chapm@PC 2024-12-28 14:27:20" runUser="PC\chapm" xmlns="http://microsoft.com/schemas/VisualStudio/TeamTest/2010">
  <Times creation="2024-12-28T14:27:20.3868712+13:00" queuing="2024-12-28T14:27:20.3868714+13:00" start="2024-12-28T14:27:18.5068566+13:00" finish="2024-12-28T14:27:30.3755093+13:00" />
  <TestSettings name="default" id="dbf7cd9b-b832-45c1-9f15-eb0c0cd4afb5">
    <Deployment runDeploymentRoot="chapm_PC_2024-12-28_14_27_20" />
  </TestSettings>
  <Results>
    <UnitTestResult executionId="4ed64e0c-49db-437d-86fd-687b9003b88c" testId="33efaf36-3ad9-785a-a729-5d721eb49339" testName="Test18" computerName="PC" duration="00:00:00.0000001" startTime="2024-12-28T14:27:29.1109465+13:00" endTime="2024-12-28T14:27:29.1109465+13:00" testType="13cdc9d9-ddb5-4fa4-a97d-d965ccfc6d4b" outcome="Passed" testListId="8c84fa94-04c1-424b-9868-57a2d4851a1d" relativeResultsDirectory="4ed64e0c-49db-437d-86fd-687b9003b88c" />
    <UnitTestResult executionId="45d5e516-999d-441e-a5bc-5aef7926ce42" testId="92f72c80-44b8-5016-9d4e-b1d4a3fcc691" testName="Test111" computerName="PC" duration="00:00:00.0000001" startTime="2024-12-28T14:27:29.1067408+13:00" endTime="2024-12-28T14:27:29.1067408+13:00" testType="13cdc9d9-ddb5-4fa4-a97d-d965ccfc6d4b" outcome="Passed" testListId="8c84fa94-04c1-424b-9868-57a2d4851a1d" relativeResultsDirectory="45d5e516-999d-441e-a5bc-5aef7926ce42" />
    <UnitTestResult executionId="d25e7f4f-2e73-49cd-a21c-d973d122f20a" testId="4f34bd03-03fe-e962-36e4-cc9fd2663825" testName="Test15" computerName="PC" duration="00:00:00.0000001" startTime="2024-12-28T14:27:29.1134634+13:00" endTime="2024-12-28T14:27:29.1134634+13:00" testType="13cdc9d9-ddb5-4fa4-a97d-d965ccfc6d4b" outcome="Passed" testListId="8c84fa94-04c1-424b-9868-57a2d4851a1d" relativeResultsDirectory="d25e7f4f-2e73-49cd-a21c-d973d122f20a" />
    <UnitTestResult executionId="b813e78d-07a0-41a7-8c0f-fef7581da7fb" testId="62fbebaf-8cb9-75a9-a3d1-e9fb9e222f63" testName="Test15" computerName="PC" duration="00:00:00.0000001" startTime="2024-12-28T14:27:29.1077442+13:00" endTime="2024-12-28T14:27:29.1077442+13:00" testType="13cdc9d9-ddb5-4fa4-a97d-d965ccfc6d4b" outcome="Passed" testListId="8c84fa94-04c1-424b-9868-57a2d4851a1d" relativeResultsDirectory="b813e78d-07a0-41a7-8c0f-fef7581da7fb" />
    <UnitTestResult executionId="257ec854-7d54-4bcc-92f1-456471e320df" testId="ff3ca070-5d03-3e34-cf1f-ed07faccbcc3" testName="Test17" computerName="PC" duration="00:00:00.0000001" startTime="2024-12-28T14:27:29.1163014+13:00" endTime="2024-12-28T14:27:29.1163014+13:00" testType="13cdc9d9-ddb5-4fa4-a97d-d965ccfc6d4b" outcome="Passed" testListId="8c84fa94-04c1-424b-9868-57a2d4851a1d" relativeResultsDirectory="257ec854-7d54-4bcc-92f1-456471e320df" />
    <UnitTestResult executionId="2266f09f-4384-4d81-b5fc-e445081c9f99" testId="58b2dc13-b11e-4687-537b-fa6d51f7ee2f" testName="Test112" computerName="PC" duration="00:00:00.0000001" startTime="2024-12-28T14:27:29.1183149+13:00" endTime="2024-12-28T14:27:29.1183149+13:00" testType="13cdc9d9-ddb5-4fa4-a97d-d965ccfc6d4b" outcome="Passed" testListId="8c84fa94-04c1-424b-9868-57a2d4851a1d" relativeResultsDirectory="2266f09f-4384-4d81-b5fc-e445081c9f99" />
    <UnitTestResult executionId="9303001e-86d1-4ed7-9a06-72995aedf328" testId="6d114866-08d3-e4ee-07dc-1eac049bc3ea" testName="Test111" computerName="PC" duration="00:00:00.0000001" startTime="2024-12-28T14:27:29.1147777+13:00" endTime="2024-12-28T14:27:29.1147777+13:00" testType="13cdc9d9-ddb5-4fa4-a97d-d965ccfc6d4b" outcome="Passed" testListId="8c84fa94-04c1-424b-9868-57a2d4851a1d" relativeResultsDirectory="9303001e-86d1-4ed7-9a06-72995aedf328" />
    <UnitTestResult executionId="67cfff9c-9c88-41ef-9470-1226639f9c59" testId="f9045ebd-966d-77c9-78ca-e2431a1fb770" testName="Test18" computerName="PC" duration="00:00:00.0000001" startTime="2024-12-28T14:27:29.1163014+13:00" endTime="2024-12-28T14:27:29.1163014+13:00" testType="13cdc9d9-ddb5-4fa4-a97d-d965ccfc6d4b" outcome="Passed" testListId="8c84fa94-04c1-424b-9868-57a2d4851a1d" relativeResultsDirectory="67cfff9c-9c88-41ef-9470-1226639f9c59" />
    <UnitTestResult executionId="75e94ae6-85c0-4f4f-adff-c4d019909323" testId="b3675b6c-ffbc-f3cf-c507-959e5d448e4b" testName="Test111" computerName="PC" duration="00:00:00.0000001" startTime="2024-12-28T14:27:29.1178121+13:00" endTime="2024-12-28T14:27:29.1178121+13:00" testType="13cdc9d9-ddb5-4fa4-a97d-d965ccfc6d4b" outcome="Passed" testListId="8c84fa94-04c1-424b-9868-57a2d4851a1d" relativeResultsDirectory="75e94ae6-85c0-4f4f-adff-c4d019909323" />
    <UnitTestResult executionId="95949584-a90c-4dc8-820c-146cdc9d9c83" testId="3e170c74-fb51-a694-c7fd-2d0ec950b728" testName="Test12" computerName="PC" duration="00:00:00.0000001" startTime="2024-12-28T14:27:29.1183149+13:00" endTime="2024-12-28T14:27:29.1183149+13:00" testType="13cdc9d9-ddb5-4fa4-a97d-d965ccfc6d4b" outcome="Passed" testListId="8c84fa94-04c1-424b-9868-57a2d4851a1d" relativeResultsDirectory="95949584-a90c-4dc8-820c-146cdc9d9c83" />
    <UnitTestResult executionId="66171cb1-02b8-498c-a742-889b86194d4e" testId="9d1fa5a6-b2db-329e-5c6a-5449c016c5fc" testName="Test19" computerName="PC" duration="00:00:00.0000001" startTime="2024-12-28T14:27:29.0980455+13:00" endTime="2024-12-28T14:27:29.0980455+13:00" testType="13cdc9d9-ddb5-4fa4-a97d-d965ccfc6d4b" outcome="Passed" testListId="8c84fa94-04c1-424b-9868-57a2d4851a1d" relativeResultsDirectory="66171cb1-02b8-498c-a742-889b86194d4e" />
    <UnitTestResult executionId="f7b9590c-94b6-49b7-b754-4447be1d314f" testId="9e08b206-5089-e2cf-7877-5eb8f23fc6e7" testName="Test17" computerName="PC" duration="00:00:00.0000001" startTime="2024-12-28T14:27:29.1011032+13:00" endTime="2024-12-28T14:27:29.1011032+13:00" testType="13cdc9d9-ddb5-4fa4-a97d-d965ccfc6d4b" outcome="Passed" testListId="8c84fa94-04c1-424b-9868-57a2d4851a1d" relativeResultsDirectory="f7b9590c-94b6-49b7-b754-4447be1d314f" />
    <UnitTestResult executionId="dbace1fa-69f9-47a3-a684-0924825b3cc2" testId="0623e84b-f689-54c0-8d2d-b03fca751202" testName="Test112" computerName="PC" duration="00:00:00.0000001" startTime="2024-12-28T14:27:29.1104385+13:00" endTime="2024-12-28T14:27:29.1104385+13:00" testType="13cdc9d9-ddb5-4fa4-a97d-d965ccfc6d4b" outcome="Passed" testListId="8c84fa94-04c1-424b-9868-57a2d4851a1d" relativeResultsDirectory="dbace1fa-69f9-47a3-a684-0924825b3cc2" />
    <UnitTestResult executionId="2b0aeea4-5222-45b9-84f5-1d33223603cc" testId="18c2679e-bdea-58fe-e380-04fcab05dad0" testName="Test1" computerName="PC" duration="00:00:00.0000001" startTime="2024-12-28T14:27:29.1046458+13:00" endTime="2024-12-28T14:27:29.1046458+13:00" testType="13cdc9d9-ddb5-4fa4-a97d-d965ccfc6d4b" outcome="Passed" testListId="8c84fa94-04c1-424b-9868-57a2d4851a1d" relativeResultsDirectory="2b0aeea4-5222-45b9-84f5-1d33223603cc" />
    <UnitTestResult executionId="246d5659-ee15-42cd-b8c2-ff9534fd8baa" testId="da5d472e-16dd-d398-074c-fb26f7a3677e" testName="Test19" computerName="PC" duration="00:00:00.0000001" startTime="2024-12-28T14:27:29.1168093+13:00" endTime="2024-12-28T14:27:29.1168093+13:00" testType="13cdc9d9-ddb5-4fa4-a97d-d965ccfc6d4b" outcome="Passed" testListId="8c84fa94-04c1-424b-9868-57a2d4851a1d" relativeResultsDirectory="246d5659-ee15-42cd-b8c2-ff9534fd8baa" />
    <UnitTestResult executionId="e89ef7f8-fa87-452e-919f-f0cd5e1d557e" testId="3a8f6e26-e1ea-d1fb-2de9-80a847cc19e6" testName="Test112" computerName="PC" duration="00:00:00.0000001" startTime="2024-12-28T14:27:29.1077442+13:00" endTime="2024-12-28T14:27:29.1077442+13:00" testType="13cdc9d9-ddb5-4fa4-a97d-d965ccfc6d4b" outcome="Passed" testListId="8c84fa94-04c1-424b-9868-57a2d4851a1d" relativeResultsDirectory="e89ef7f8-fa87-452e-919f-f0cd5e1d557e" />
    <UnitTestResult executionId="f8460e1b-7394-48cc-9edb-a01548f482ba" testId="c57cf636-0d8e-fac9-196d-46829e8bb47f" testName="Test15" computerName="PC" duration="00:00:00.0000001" startTime="2024-12-28T14:27:29.0980455+13:00" endTime="2024-12-28T14:27:29.0980455+13:00" testType="13cdc9d9-ddb5-4fa4-a97d-d965ccfc6d4b" outcome="Passed" testListId="8c84fa94-04c1-424b-9868-57a2d4851a1d" relativeResultsDirectory="f8460e1b-7394-48cc-9edb-a01548f482ba" />
    <UnitTestResult executionId="a728fe36-37de-4c51-8e06-7be7df09335c" testId="a605fabb-e2f2-31b8-b60c-1e0b76e0f364" testName="Test112" computerName="PC" duration="00:00:00.0000001" startTime="2024-12-28T14:27:29.1046458+13:00" endTime="2024-12-28T14:27:29.1046458+13:00" testType="13cdc9d9-ddb5-4fa4-a97d-d965ccfc6d4b" outcome="Passed" testListId="8c84fa94-04c1-424b-9868-57a2d4851a1d" relativeResultsDirectory="a728fe36-37de-4c51-8e06-7be7df09335c" />
    <UnitTestResult executionId="cd327e68-35ab-4a5b-8537-8b1df2bc80f9" testId="1aabb133-e4e4-21b0-f22d-ff3e3cc43e23" testName="Test112" computerName="PC" duration="00:00:00.0000001" startTime="2024-12-28T14:27:29.0935057+13:00" endTime="2024-12-28T14:27:29.0935057+13:00" testType="13cdc9d9-ddb5-4fa4-a97d-d965ccfc6d4b" outcome="Passed" testListId="8c84fa94-04c1-424b-9868-57a2d4851a1d" relativeResultsDirectory="cd327e68-35ab-4a5b-8537-8b1df2bc80f9" />
    <UnitTestResult executionId="09f3068f-1797-4a81-8c3e-e0fae5ad756e" testId="a104eba9-487d-fcdd-fb1c-b70cb54f0f3b" testName="Test19" computerName="PC" duration="00:00:00.0000001" startTime="2024-12-28T14:27:29.1062270+13:00" endTime="2024-12-28T14:27:29.1062270+13:00" testType="13cdc9d9-ddb5-4fa4-a97d-d965ccfc6d4b" outcome="Passed" testListId="8c84fa94-04c1-424b-9868-57a2d4851a1d" relativeResultsDirectory="09f3068f-1797-4a81-8c3e-e0fae5ad756e" />
    <UnitTestResult executionId="5f428a75-b204-451d-b5bd-dc4dda9dc4e3" testId="1a459272-aeac-2906-e4d5-797648ee9f2b" testName="Test12" computerName="PC" duration="00:00:00.0000001" startTime="2024-12-28T14:27:29.1147777+13:00" endTime="2024-12-28T14:27:29.1147777+13:00" testType="13cdc9d9-ddb5-4fa4-a97d-d965ccfc6d4b" outcome="Passed" testListId="8c84fa94-04c1-424b-9868-57a2d4851a1d" relativeResultsDirectory="5f428a75-b204-451d-b5bd-dc4dda9dc4e3" />
    <UnitTestResult executionId="0164a54e-95c2-488c-bb79-11a00aa4063d" testId="20bf6171-190a-acc0-f14d-6ab4c6cf2807" testName="Test17" computerName="PC" duration="00:00:00.0000001" startTime="2024-12-28T14:27:29.1134634+13:00" endTime="2024-12-28T14:27:29.1134634+13:00" testType="13cdc9d9-ddb5-4fa4-a97d-d965ccfc6d4b" outcome="Passed" testListId="8c84fa94-04c1-424b-9868-57a2d4851a1d" relativeResultsDirectory="0164a54e-95c2-488c-bb79-11a00aa4063d" />
    <UnitTestResult executionId="0557e3ab-2440-4bcd-be3d-f824b7e413b8" testId="37d16f28-021f-ff81-2509-44fcb136d2ab" testName="Test19" computerName="PC" duration="00:00:00.0000001" startTime="2024-12-28T14:27:29.1193175+13:00" endTime="2024-12-28T14:27:29.1193175+13:00" testType="13cdc9d9-ddb5-4fa4-a97d-d965ccfc6d4b" outcome="Passed" testListId="8c84fa94-04c1-424b-9868-57a2d4851a1d" relativeResultsDirectory="0557e3ab-2440-4bcd-be3d-f824b7e413b8" />
    <UnitTestResult executionId="b53b6bbd-e098-4117-ab25-2e44e3904422" testId="aaf88e62-d073-8a74-7adf-71b39681398d" testName="Test17" computerName="PC" duration="00:00:00.0000001" startTime="2024-12-28T14:27:29.1057195+13:00" endTime="2024-12-28T14:27:29.1057195+13:00" testType="13cdc9d9-ddb5-4fa4-a97d-d965ccfc6d4b" outcome="Passed" testListId="8c84fa94-04c1-424b-9868-57a2d4851a1d" relativeResultsDirectory="b53b6bbd-e098-4117-ab25-2e44e3904422" />
    <UnitTestResult executionId="aee14b5d-923c-43cc-8930-d6589f2cfd63" testId="1135ad8e-8a37-09a4-ee51-211602fcb1f8" testName="Test16" computerName="PC" duration="00:00:00.0000001" startTime="2024-12-28T14:27:29.1057195+13:00" endTime="2024-12-28T14:27:29.1057195+13:00" testType="13cdc9d9-ddb5-4fa4-a97d-d965ccfc6d4b" outcome="Passed" testListId="8c84fa94-04c1-424b-9868-57a2d4851a1d" relativeResultsDirectory="aee14b5d-923c-43cc-8930-d6589f2cfd63" />
    <UnitTestResult executionId="d0959583-74df-4924-a1d2-d878ab89ddd8" testId="66053208-124a-8409-5da8-7fe8ca7b368e" testName="Test14" computerName="PC" duration="00:00:00.0000001" startTime="2024-12-28T14:27:29.1124529+13:00" endTime="2024-12-28T14:27:29.1124529+13:00" testType="13cdc9d9-ddb5-4fa4-a97d-d965ccfc6d4b" outcome="Passed" testListId="8c84fa94-04c1-424b-9868-57a2d4851a1d" relativeResultsDirectory="d0959583-74df-4924-a1d2-d878ab89ddd8" />
    <UnitTestResult executionId="c54ff341-94e4-4f47-8cc0-e3acf341ef68" testId="0e217c85-8991-395a-a38e-be2627eb637e" testName="Test15" computerName="PC" duration="00:00:00.0000001" startTime="2024-12-28T14:27:29.1057195+13:00" endTime="2024-12-28T14:27:29.1057195+13:00" testType="13cdc9d9-ddb5-4fa4-a97d-d965ccfc6d4b" outcome="Passed" testListId="8c84fa94-04c1-424b-9868-57a2d4851a1d" relativeResultsDirectory="c54ff341-94e4-4f47-8cc0-e3acf341ef68" />
    <UnitTestResult executionId="dd8c629d-3a20-43bd-8c5f-614afe10d155" testId="9265d4a9-b585-b9b1-120b-095b09ce6c14" testName="Test18" computerName="PC" duration="00:00:00.0000001" startTime="2024-12-28T14:27:29.1062270+13:00" endTime="2024-12-28T14:27:29.1062270+13:00" testType="13cdc9d9-ddb5-4fa4-a97d-d965ccfc6d4b" outcome="Passed" testListId="8c84fa94-04c1-424b-9868-57a2d4851a1d" relativeResultsDirectory="dd8c629d-3a20-43bd-8c5f-614afe10d155" />
    <UnitTestResult executionId="c0d6f13f-0345-403c-9c92-ba58ed44c894" testId="af5ad79c-3da0-e998-fbd5-cc45306a1ff4" testName="Test12" computerName="PC" duration="00:00:00.0000001" startTime="2024-12-28T14:27:29.1104385+13:00" endTime="2024-12-28T14:27:29.1104385+13:00" testType="13cdc9d9-ddb5-4fa4-a97d-d965ccfc6d4b" outcome="Passed" testListId="8c84fa94-04c1-424b-9868-57a2d4851a1d" relativeResultsDirectory="c0d6f13f-0345-403c-9c92-ba58ed44c894" />
    <UnitTestResult executionId="76f3e52f-857f-460e-899c-cca4449181e3" testId="9834e61d-626b-1f6b-4f0a-995c7240a104" testName="Test16" computerName="PC" duration="00:00:00.0000001" startTime="2024-12-28T14:27:29.0950143+13:00" endTime="2024-12-28T14:27:29.0950143+13:00" testType="13cdc9d9-ddb5-4fa4-a97d-d965ccfc6d4b" outcome="Passed" testListId="8c84fa94-04c1-424b-9868-57a2d4851a1d" relativeResultsDirectory="76f3e52f-857f-460e-899c-cca4449181e3" />
    <UnitTestResult executionId="4f750507-c021-4049-9c64-568313b2cc59" testId="46a3bad6-2759-d195-4dfc-9246184b8eb8" testName="Test13" computerName="PC" duration="00:00:00.0000001" startTime="2024-12-28T14:27:29.1077442+13:00" endTime="2024-12-28T14:27:29.1077442+13:00" testType="13cdc9d9-ddb5-4fa4-a97d-d965ccfc6d4b" outcome="Passed" testListId="8c84fa94-04c1-424b-9868-57a2d4851a1d" relativeResultsDirectory="4f750507-c021-4049-9c64-568313b2cc59" />
    <UnitTestResult executionId="9ce8997f-2336-4a09-b788-e580d99c883c" testId="f9764bc9-edfb-18b0-472f-c57305193d18" testName="Test16" computerName="PC" duration="00:00:00.0000001" startTime="2024-12-28T14:27:29.1109465+13:00" endTime="2024-12-28T14:27:29.1109465+13:00" testType="13cdc9d9-ddb5-4fa4-a97d-d965ccfc6d4b" outcome="Passed" testListId="8c84fa94-04c1-424b-9868-57a2d4851a1d" relativeResultsDirectory="9ce8997f-2336-4a09-b788-e580d99c883c" />
    <UnitTestResult executionId="e101e85d-05cd-4e95-be8c-45820b08209f" testId="43e88b5f-72f0-c064-3c28-3444a2f6bb0f" testName="Test16" computerName="PC" duration="00:00:00.0000001" startTime="2024-12-28T14:27:29.1089193+13:00" endTime="2024-12-28T14:27:29.1089193+13:00" testType="13cdc9d9-ddb5-4fa4-a97d-d965ccfc6d4b" outcome="Passed" testListId="8c84fa94-04c1-424b-9868-57a2d4851a1d" relativeResultsDirectory="e101e85d-05cd-4e95-be8c-45820b08209f" />
    <UnitTestResult executionId="d292740e-7318-44c5-bad0-dec67a8bb2fc" testId="10dd2cad-a256-c8c9-5883-8309dd2422d1" testName="Test1" computerName="PC" duration="00:00:00.0000001" startTime="2024-12-28T14:27:29.1124529+13:00" endTime="2024-12-28T14:27:29.1124529+13:00" testType="13cdc9d9-ddb5-4fa4-a97d-d965ccfc6d4b" outcome="Passed" testListId="8c84fa94-04c1-424b-9868-57a2d4851a1d" relativeResultsDirectory="d292740e-7318-44c5-bad0-dec67a8bb2fc" />
    <UnitTestResult executionId="a52efea6-9cf3-43c9-886b-f43bb63ec9e9" testId="45781636-4e06-e404-91db-27757910849c" testName="Test18" computerName="PC" duration="00:00:00.0000001" startTime="2024-12-28T14:27:29.0950143+13:00" endTime="2024-12-28T14:27:29.0950143+13:00" testType="13cdc9d9-ddb5-4fa4-a97d-d965ccfc6d4b" outcome="Passed" testListId="8c84fa94-04c1-424b-9868-57a2d4851a1d" relativeResultsDirectory="a52efea6-9cf3-43c9-886b-f43bb63ec9e9" />
    <UnitTestResult executionId="ec5f1634-8192-47bc-809e-012fa6408af9" testId="80fe1710-444b-c954-d5a3-bc061d774cdc" testName="Test12" computerName="PC" duration="00:00:00.0000001" startTime="2024-12-28T14:27:29.1077442+13:00" endTime="2024-12-28T14:27:29.1077442+13:00" testType="13cdc9d9-ddb5-4fa4-a97d-d965ccfc6d4b" outcome="Passed" testListId="8c84fa94-04c1-424b-9868-57a2d4851a1d" relativeResultsDirectory="ec5f1634-8192-47bc-809e-012fa6408af9" />
    <UnitTestResult executionId="beef04fd-cfcb-49f2-90a8-4b75faefacec" testId="02bcb8b7-4460-c62e-5358-bf19e4076ea6" testName="Test1" computerName="PC" duration="00:00:00.0000001" startTime="2024-12-28T14:27:29.1067408+13:00" endTime="2024-12-28T14:27:29.1067408+13:00" testType="13cdc9d9-ddb5-4fa4-a97d-d965ccfc6d4b" outcome="Passed" testListId="8c84fa94-04c1-424b-9868-57a2d4851a1d" relativeResultsDirectory="beef04fd-cfcb-49f2-90a8-4b75faefacec" />
    <UnitTestResult executionId="076ceb59-3340-4be3-afcf-ce9a72f90aa1" testId="fa1431e8-06ad-2073-b89b-bd93f68e516c" testName="Test111" computerName="PC" duration="00:00:00.0000001" startTime="2024-12-28T14:27:29.1104385+13:00" endTime="2024-12-28T14:27:29.1104385+13:00" testType="13cdc9d9-ddb5-4fa4-a97d-d965ccfc6d4b" outcome="Passed" testListId="8c84fa94-04c1-424b-9868-57a2d4851a1d" relativeResultsDirectory="076ceb59-3340-4be3-afcf-ce9a72f90aa1" />
    <UnitTestResult executionId="79cb4965-6000-4c5d-b64a-6d26c3a70ee7" testId="77a1031b-4d72-ec19-4603-2420db39a622" testName="Test16" computerName="PC" duration="00:00:00.0000001" startTime="2024-12-28T14:27:29.1157934+13:00" endTime="2024-12-28T14:27:29.1157934+13:00" testType="13cdc9d9-ddb5-4fa4-a97d-d965ccfc6d4b" outcome="Passed" testListId="8c84fa94-04c1-424b-9868-57a2d4851a1d" relativeResultsDirectory="79cb4965-6000-4c5d-b64a-6d26c3a70ee7" />
    <UnitTestResult executionId="c66aece9-c90f-4bba-8892-70004f1d9594" testId="11c5493b-d7f0-eaed-9281-6750ad93840f" testName="XunitTests2.Tests.Test1" computerName="PC" duration="00:00:10.1040000" startTime="2024-12-28T14:27:30.3316493+13:00" endTime="2024-12-28T14:27:30.3316493+13:00" testType="13cdc9d9-ddb5-4fa4-a97d-d965ccfc6d4b" outcome="Passed" testListId="8c84fa94-04c1-424b-9868-57a2d4851a1d" relativeResultsDirectory="c66aece9-c90f-4bba-8892-70004f1d9594" />
    <UnitTestResult executionId="da98f712-72f3-4a5d-9d80-83164c926b96" testId="e46d6a44-4b6e-f34d-eb09-8be425f09b8d" testName="Test19" computerName="PC" duration="00:00:00.0000001" startTime="2024-12-28T14:27:29.1134634+13:00" endTime="2024-12-28T14:27:29.1134634+13:00" testType="13cdc9d9-ddb5-4fa4-a97d-d965ccfc6d4b" outcome="Passed" testListId="8c84fa94-04c1-424b-9868-57a2d4851a1d" relativeResultsDirectory="da98f712-72f3-4a5d-9d80-83164c926b96" />
    <UnitTestResult executionId="7879e349-478d-405a-ab09-3e798ae37697" testId="7f3f13ca-b74f-61c3-43ec-9154f4f9aba8" testName="Test18" computerName="PC" duration="00:00:00.0000001" startTime="2024-12-28T14:27:29.1134634+13:00" endTime="2024-12-28T14:27:29.1134634+13:00" testType="13cdc9d9-ddb5-4fa4-a97d-d965ccfc6d4b" outcome="Passed" testListId="8c84fa94-04c1-424b-9868-57a2d4851a1d" relativeResultsDirectory="7879e349-478d-405a-ab09-3e798ae37697" />
    <UnitTestResult executionId="c4f10a36-5d0e-42fd-beb0-62b132617645" testId="98148501-8229-e358-d79a-8a336b404e5b" testName="Test111" computerName="PC" duration="00:00:00.0000001" startTime="2024-12-28T14:27:29.0990559+13:00" endTime="2024-12-28T14:27:29.0990559+13:00" testType="13cdc9d9-ddb5-4fa4-a97d-d965ccfc6d4b" outcome="Passed" testListId="8c84fa94-04c1-424b-9868-57a2d4851a1d" relativeResultsDirectory="c4f10a36-5d0e-42fd-beb0-62b132617645" />
    <UnitTestResult executionId="0b1e6288-8851-485b-a3f7-1100575ef0f1" testId="ec729b35-d0ec-0346-9b81-1ee80fe998a3" testName="Test12" computerName="PC" duration="00:00:00.0000001" startTime="2024-12-28T14:27:29.0975397+13:00" endTime="2024-12-28T14:27:29.0975397+13:00" testType="13cdc9d9-ddb5-4fa4-a97d-d965ccfc6d4b" outcome="Passed" testListId="8c84fa94-04c1-424b-9868-57a2d4851a1d" relativeResultsDirectory="0b1e6288-8851-485b-a3f7-1100575ef0f1" />
    <UnitTestResult executionId="3ccea8e6-ad79-472d-aae5-f46d7a4c4c2d" testId="dde3c967-8c6f-921f-10bf-01f16ddb990d" testName="Test16" computerName="PC" duration="00:00:00.0000001" startTime="2024-12-28T14:27:29.1000943+13:00" endTime="2024-12-28T14:27:29.1000943+13:00" testType="13cdc9d9-ddb5-4fa4-a97d-d965ccfc6d4b" outcome="Passed" testListId="8c84fa94-04c1-424b-9868-57a2d4851a1d" relativeResultsDirectory="3ccea8e6-ad79-472d-aae5-f46d7a4c4c2d" />
    <UnitTestResult executionId="cdc5e65f-94ce-4631-80f6-1ac070f19411" testId="8bc45126-a7ad-7365-19ac-0992f61c4df1" testName="Test14" computerName="PC" duration="00:00:00.0000001" startTime="2024-12-28T14:27:29.1157934+13:00" endTime="2024-12-28T14:27:29.1157934+13:00" testType="13cdc9d9-ddb5-4fa4-a97d-d965ccfc6d4b" outcome="Passed" testListId="8c84fa94-04c1-424b-9868-57a2d4851a1d" relativeResultsDirectory="cdc5e65f-94ce-4631-80f6-1ac070f19411" />
    <UnitTestResult executionId="a30f2440-a0c4-4702-a997-65ce77804f43" testId="a79e5d68-1966-e5cb-f4a8-4de5bdfc9969" testName="Test111" computerName="PC" duration="00:00:00.0000001" startTime="2024-12-28T14:27:29.0975397+13:00" endTime="2024-12-28T14:27:29.0975397+13:00" testType="13cdc9d9-ddb5-4fa4-a97d-d965ccfc6d4b" outcome="Passed" testListId="8c84fa94-04c1-424b-9868-57a2d4851a1d" relativeResultsDirectory="a30f2440-a0c4-4702-a997-65ce77804f43" />
    <UnitTestResult executionId="3954ae4c-03a3-4c94-8c94-0fa697afb204" testId="65663923-0033-473d-37f3-53742c9cb045" testName="Test12" computerName="PC" duration="00:00:00.0000001" startTime="2024-12-28T14:27:29.1046458+13:00" endTime="2024-12-28T14:27:29.1046458+13:00" testType="13cdc9d9-ddb5-4fa4-a97d-d965ccfc6d4b" outcome="Passed" testListId="8c84fa94-04c1-424b-9868-57a2d4851a1d" relativeResultsDirectory="3954ae4c-03a3-4c94-8c94-0fa697afb204" />
    <UnitTestResult executionId="87e6d15f-7ce8-42b0-ba64-d645b07220f2" testId="7c92cfee-3ad9-4497-92f9-fe0aba6f68e8" testName="Test1" computerName="PC" duration="00:00:00.0000001" startTime="2024-12-28T14:27:29.1134634+13:00" endTime="2024-12-28T14:27:29.1134634+13:00" testType="13cdc9d9-ddb5-4fa4-a97d-d965ccfc6d4b" outcome="Passed" testListId="8c84fa94-04c1-424b-9868-57a2d4851a1d" relativeResultsDirectory="87e6d15f-7ce8-42b0-ba64-d645b07220f2" />
    <UnitTestResult executionId="96d73bde-3eee-4cf8-b966-679431a3113c" testId="3a891510-3a32-3754-287d-c693b7dd5098" testName="Test14" computerName="PC" duration="00:00:00.0000001" startTime="2024-12-28T14:27:29.1077442+13:00" endTime="2024-12-28T14:27:29.1077442+13:00" testType="13cdc9d9-ddb5-4fa4-a97d-d965ccfc6d4b" outcome="Passed" testListId="8c84fa94-04c1-424b-9868-57a2d4851a1d" relativeResultsDirectory="96d73bde-3eee-4cf8-b966-679431a3113c" />
    <UnitTestResult executionId="3f0508eb-fff3-4e67-9efc-4eb4177afeb2" testId="a9033239-2233-4078-3c71-31df57ae1a89" testName="Test12" computerName="PC" duration="00:00:00.0000001" startTime="2024-12-28T14:27:29.0945110+13:00" endTime="2024-12-28T14:27:29.0945110+13:00" testType="13cdc9d9-ddb5-4fa4-a97d-d965ccfc6d4b" outcome="Passed" testListId="8c84fa94-04c1-424b-9868-57a2d4851a1d" relativeResultsDirectory="3f0508eb-fff3-4e67-9efc-4eb4177afeb2" />
    <UnitTestResult executionId="e9c9a706-7597-4905-ad4a-fada4b08c44a" testId="9b594785-c905-9924-6778-e71bd7b86203" testName="Test15" computerName="PC" duration="00:00:00.0000001" startTime="2024-12-28T14:27:29.1109465+13:00" endTime="2024-12-28T14:27:29.1109465+13:00" testType="13cdc9d9-ddb5-4fa4-a97d-d965ccfc6d4b" outcome="Passed" testListId="8c84fa94-04c1-424b-9868-57a2d4851a1d" relativeResultsDirectory="e9c9a706-7597-4905-ad4a-fada4b08c44a" />
    <UnitTestResult executionId="3b2bc4f1-0ca3-4906-b63c-7f0df93410ef" testId="523f04dd-f0de-7750-e7c3-731f2862f446" testName="Test111" computerName="PC" duration="00:00:00.0000001" startTime="2024-12-28T14:27:29.1046458+13:00" endTime="2024-12-28T14:27:29.1046458+13:00" testType="13cdc9d9-ddb5-4fa4-a97d-d965ccfc6d4b" outcome="Passed" testListId="8c84fa94-04c1-424b-9868-57a2d4851a1d" relativeResultsDirectory="3b2bc4f1-0ca3-4906-b63c-7f0df93410ef" />
    <UnitTestResult executionId="c9c49c2a-98d6-4ea8-a2bc-27594fd6beeb" testId="f94d06ed-c69d-d169-32e1-1301bfbfe1c7" testName="Test13" computerName="PC" duration="00:00:00.0000001" startTime="2024-12-28T14:27:29.1124529+13:00" endTime="2024-12-28T14:27:29.1124529+13:00" testType="13cdc9d9-ddb5-4fa4-a97d-d965ccfc6d4b" outcome="Passed" testListId="8c84fa94-04c1-424b-9868-57a2d4851a1d" relativeResultsDirectory="c9c49c2a-98d6-4ea8-a2bc-27594fd6beeb" />
    <UnitTestResult executionId="f0f22216-04fa-4f54-9b5a-35c2cfa806fc" testId="ba2bdc1c-6894-a90e-1f7e-055fc9d1174f" testName="Test1" computerName="PC" duration="00:00:00.0050000" startTime="2024-12-28T14:27:19.0850039+13:00" endTime="2024-12-28T14:27:19.0850039+13:00" testType="13cdc9d9-ddb5-4fa4-a97d-d965ccfc6d4b" outcome="Passed" testListId="8c84fa94-04c1-424b-9868-57a2d4851a1d" relativeResultsDirectory="f0f22216-04fa-4f54-9b5a-35c2cfa806fc" />
    <UnitTestResult executionId="233dd448-6adc-4a90-95dd-34dc4619a257" testId="083edbd0-3a01-fa69-3e5f-9eb6fd25c00c" testName="Test17" computerName="PC" duration="00:00:00.0000001" startTime="2024-12-28T14:27:29.1109465+13:00" endTime="2024-12-28T14:27:29.1109465+13:00" testType="13cdc9d9-ddb5-4fa4-a97d-d965ccfc6d4b" outcome="Passed" testListId="8c84fa94-04c1-424b-9868-57a2d4851a1d" relativeResultsDirectory="233dd448-6adc-4a90-95dd-34dc4619a257" />
    <UnitTestResult executionId="0fa5245d-3d55-4d54-8d10-46cb04a6e2f1" testId="5b5ad9c4-5829-d725-ecfc-6668e984d2f8" testName="Test13" computerName="PC" duration="00:00:00.0000001" startTime="2024-12-28T14:27:29.1046458+13:00" endTime="2024-12-28T14:27:29.1046458+13:00" testType="13cdc9d9-ddb5-4fa4-a97d-d965ccfc6d4b" outcome="Passed" testListId="8c84fa94-04c1-424b-9868-57a2d4851a1d" relativeResultsDirectory="0fa5245d-3d55-4d54-8d10-46cb04a6e2f1" />
    <UnitTestResult executionId="df53c9c1-50bf-4651-80b3-e3a636baf9cb" testId="ab08cbf1-9c2d-1bfe-425d-7f6bfa3d90ee" testName="Test17" computerName="PC" duration="00:00:00.0000001" startTime="2024-12-28T14:27:29.0950143+13:00" endTime="2024-12-28T14:27:29.0950143+13:00" testType="13cdc9d9-ddb5-4fa4-a97d-d965ccfc6d4b" outcome="Passed" testListId="8c84fa94-04c1-424b-9868-57a2d4851a1d" relativeResultsDirectory="df53c9c1-50bf-4651-80b3-e3a636baf9cb" />
    <UnitTestResult executionId="49161488-551c-4c66-83c1-506dcbfac9e8" testId="df12e795-f81c-03f2-09b1-9b8ec10f348d" testName="Test1" computerName="PC" duration="00:00:00.0000001" startTime="2024-12-28T14:27:29.1178121+13:00" endTime="2024-12-28T14:27:29.1178121+13:00" testType="13cdc9d9-ddb5-4fa4-a97d-d965ccfc6d4b" outcome="Passed" testListId="8c84fa94-04c1-424b-9868-57a2d4851a1d" relativeResultsDirectory="49161488-551c-4c66-83c1-506dcbfac9e8" />
    <UnitTestResult executionId="a05b377b-614b-4b71-a3c1-9d0caa78a45d" testId="136de393-5c2f-9338-4a19-31f18c2c8478" testName="Test13" computerName="PC" duration="00:00:00.0000001" startTime="2024-12-28T14:27:29.0945110+13:00" endTime="2024-12-28T14:27:29.0945110+13:00" testType="13cdc9d9-ddb5-4fa4-a97d-d965ccfc6d4b" outcome="Passed" testListId="8c84fa94-04c1-424b-9868-57a2d4851a1d" relativeResultsDirectory="a05b377b-614b-4b71-a3c1-9d0caa78a45d" />
    <UnitTestResult executionId="334183e5-58c1-4e71-a080-71f32eaa9324" testId="5b0056e8-f62e-0194-4596-af588dc55740" testName="Test14" computerName="PC" duration="00:00:00.0000001" startTime="2024-12-28T14:27:29.1183149+13:00" endTime="2024-12-28T14:27:29.1183149+13:00" testType="13cdc9d9-ddb5-4fa4-a97d-d965ccfc6d4b" outcome="Passed" testListId="8c84fa94-04c1-424b-9868-57a2d4851a1d" relativeResultsDirectory="334183e5-58c1-4e71-a080-71f32eaa9324" />
    <UnitTestResult executionId="f3620ea9-3046-4018-826d-149bbdde52d3" testId="1421b4eb-425f-9d45-d394-86b5a9dbe611" testName="Test111" computerName="PC" duration="00:00:00.0000001" startTime="2024-12-28T14:27:29.1124529+13:00" endTime="2024-12-28T14:27:29.1124529+13:00" testType="13cdc9d9-ddb5-4fa4-a97d-d965ccfc6d4b" outcome="Passed" testListId="8c84fa94-04c1-424b-9868-57a2d4851a1d" relativeResultsDirectory="f3620ea9-3046-4018-826d-149bbdde52d3" />
    <UnitTestResult executionId="db9ecde6-06b2-4f92-9c2f-0c0eab005bb9" testId="14ceea3f-fd21-a964-9c91-194609fb85dc" testName="Test16" computerName="PC" duration="00:00:00.0000001" startTime="2024-12-28T14:27:29.1134634+13:00" endTime="2024-12-28T14:27:29.1134634+13:00" testType="13cdc9d9-ddb5-4fa4-a97d-d965ccfc6d4b" outcome="Passed" testListId="8c84fa94-04c1-424b-9868-57a2d4851a1d" relativeResultsDirectory="db9ecde6-06b2-4f92-9c2f-0c0eab005bb9" />
    <UnitTestResult executionId="45462081-eb2d-4259-8628-1f03284b57f7" testId="bf957f5b-e704-298a-cd75-c57bf6fc5955" testName="Test14" computerName="PC" duration="00:00:00.0000001" startTime="2024-12-28T14:27:29.1109465+13:00" endTime="2024-12-28T14:27:29.1109465+13:00" testType="13cdc9d9-ddb5-4fa4-a97d-d965ccfc6d4b" outcome="Passed" testListId="8c84fa94-04c1-424b-9868-57a2d4851a1d" relativeResultsDirectory="45462081-eb2d-4259-8628-1f03284b57f7" />
    <UnitTestResult executionId="2f4489ef-0104-4b32-bbcd-2d502ad19a69" testId="f9a6931a-08a2-3d96-97ac-af0c747d3996" testName="Test14" computerName="PC" duration="00:00:00.0000001" startTime="2024-12-28T14:27:29.0975397+13:00" endTime="2024-12-28T14:27:29.0975397+13:00" testType="13cdc9d9-ddb5-4fa4-a97d-d965ccfc6d4b" outcome="Passed" testListId="8c84fa94-04c1-424b-9868-57a2d4851a1d" relativeResultsDirectory="2f4489ef-0104-4b32-bbcd-2d502ad19a69" />
    <UnitTestResult executionId="4100c321-7585-4610-a7fd-c9069bfa4a90" testId="07f58184-6ed3-bc8c-2346-a4cd7c6bc29a" testName="Test18" computerName="PC" duration="00:00:00.0000001" startTime="2024-12-28T14:27:29.1193175+13:00" endTime="2024-12-28T14:27:29.1193175+13:00" testType="13cdc9d9-ddb5-4fa4-a97d-d965ccfc6d4b" outcome="Passed" testListId="8c84fa94-04c1-424b-9868-57a2d4851a1d" relativeResultsDirectory="4100c321-7585-4610-a7fd-c9069bfa4a90" />
    <UnitTestResult executionId="f07258e2-8f60-4d4d-814a-5a5245c43a49" testId="61edf56f-ec18-6c63-e8e6-b164b7756ae0" testName="Test112" computerName="PC" duration="00:00:00.0000001" startTime="2024-12-28T14:27:29.1147777+13:00" endTime="2024-12-28T14:27:29.1147777+13:00" testType="13cdc9d9-ddb5-4fa4-a97d-d965ccfc6d4b" outcome="Passed" testListId="8c84fa94-04c1-424b-9868-57a2d4851a1d" relativeResultsDirectory="f07258e2-8f60-4d4d-814a-5a5245c43a49" />
    <UnitTestResult executionId="c1e62027-f643-4003-871a-38affcd72dc6" testId="94e8da01-6541-743f-b771-04ea069a5023" testName="Test19" computerName="PC" duration="00:00:00.0000001" startTime="2024-12-28T14:27:29.1036351+13:00" endTime="2024-12-28T14:27:29.1036351+13:00" testType="13cdc9d9-ddb5-4fa4-a97d-d965ccfc6d4b" outcome="Passed" testListId="8c84fa94-04c1-424b-9868-57a2d4851a1d" relativeResultsDirectory="c1e62027-f643-4003-871a-38affcd72dc6" />
    <UnitTestResult executionId="76766c58-b287-4966-95a5-558712f05453" testId="f965f7c3-a148-451f-e2c5-5a43a88e61bf" testName="Test1" computerName="PC" duration="00:00:00.0000001" startTime="2024-12-28T14:27:29.0990559+13:00" endTime="2024-12-28T14:27:29.0990559+13:00" testType="13cdc9d9-ddb5-4fa4-a97d-d965ccfc6d4b" outcome="Passed" testListId="8c84fa94-04c1-424b-9868-57a2d4851a1d" relativeResultsDirectory="76766c58-b287-4966-95a5-558712f05453" />
    <UnitTestResult executionId="ec2474f6-2d57-497f-a700-d1ee79630a84" testId="f1a39f8c-880c-f75d-8edd-2f2a73c61719" testName="Test18" computerName="PC" duration="00:00:00.0000001" startTime="2024-12-28T14:27:29.0980455+13:00" endTime="2024-12-28T14:27:29.0980455+13:00" testType="13cdc9d9-ddb5-4fa4-a97d-d965ccfc6d4b" outcome="Passed" testListId="8c84fa94-04c1-424b-9868-57a2d4851a1d" relativeResultsDirectory="ec2474f6-2d57-497f-a700-d1ee79630a84" />
    <UnitTestResult executionId="2dd4c20b-6d65-482a-be27-fa7f0b353de8" testId="34e30f45-ec92-de67-7045-348f35eb8a7a" testName="Test18" computerName="PC" duration="00:00:00.0000001" startTime="2024-12-28T14:27:29.1036351+13:00" endTime="2024-12-28T14:27:29.1036351+13:00" testType="13cdc9d9-ddb5-4fa4-a97d-d965ccfc6d4b" outcome="Passed" testListId="8c84fa94-04c1-424b-9868-57a2d4851a1d" relativeResultsDirectory="2dd4c20b-6d65-482a-be27-fa7f0b353de8" />
    <UnitTestResult executionId="68156764-c860-441a-9958-990759aa850c" testId="ad64e290-cbdb-3f42-8ae7-856bdc59a387" testName="Test1" computerName="PC" duration="00:00:00.0000001" startTime="2024-12-28T14:27:29.1099287+13:00" endTime="2024-12-28T14:27:29.1099287+13:00" testType="13cdc9d9-ddb5-4fa4-a97d-d965ccfc6d4b" outcome="Passed" testListId="8c84fa94-04c1-424b-9868-57a2d4851a1d" relativeResultsDirectory="68156764-c860-441a-9958-990759aa850c" />
    <UnitTestResult executionId="d049862c-5b8a-40ad-9d26-ddd08c808339" testId="10a12f06-de46-4c96-a632-6b2446a69964" testName="Test17" computerName="PC" duration="00:00:00.0000001" startTime="2024-12-28T14:27:29.1089193+13:00" endTime="2024-12-28T14:27:29.1089193+13:00" testType="13cdc9d9-ddb5-4fa4-a97d-d965ccfc6d4b" outcome="Passed" testListId="8c84fa94-04c1-424b-9868-57a2d4851a1d" relativeResultsDirectory="d049862c-5b8a-40ad-9d26-ddd08c808339" />
    <UnitTestResult executionId="78b58d4d-5925-4328-a28c-59d55db131aa" testId="e6fb7ca7-6dc8-78f1-913a-d9a95e8a2477" testName="Test112" computerName="PC" duration="00:00:00.0000001" startTime="2024-12-28T14:27:29.0990559+13:00" endTime="2024-12-28T14:27:29.0990559+13:00" testType="13cdc9d9-ddb5-4fa4-a97d-d965ccfc6d4b" outcome="Passed" testListId="8c84fa94-04c1-424b-9868-57a2d4851a1d" relativeResultsDirectory="78b58d4d-5925-4328-a28c-59d55db131aa" />
    <UnitTestResult executionId="e63ec6f1-e682-4247-b132-0e6551d7dd22" testId="b18239e0-d58a-c3f5-e03d-4fc06197900e" testName="Test17" computerName="PC" duration="00:00:00.0000001" startTime="2024-12-28T14:27:29.1183149+13:00" endTime="2024-12-28T14:27:29.1183149+13:00" testType="13cdc9d9-ddb5-4fa4-a97d-d965ccfc6d4b" outcome="Passed" testListId="8c84fa94-04c1-424b-9868-57a2d4851a1d" relativeResultsDirectory="e63ec6f1-e682-4247-b132-0e6551d7dd22" />
    <UnitTestResult executionId="bb54f369-32e4-4f87-994c-b000aaddd480" testId="d8abaa7e-6cfb-b324-c7d0-69f53c70601d" testName="Test19" computerName="PC" duration="00:00:00.0000001" startTime="2024-12-28T14:27:29.1089193+13:00" endTime="2024-12-28T14:27:29.1089193+13:00" testType="13cdc9d9-ddb5-4fa4-a97d-d965ccfc6d4b" outcome="Passed" testListId="8c84fa94-04c1-424b-9868-57a2d4851a1d" relativeResultsDirectory="bb54f369-32e4-4f87-994c-b000aaddd480" />
    <UnitTestResult executionId="6ee03f80-f853-4e64-8f07-624698800938" testId="4cb83051-fea8-2c53-956c-94ca66c30679" testName="Test3" computerName="PC" duration="00:00:00.0000001" startTime="2024-12-28T14:27:29.1036351+13:00" endTime="2024-12-28T14:27:29.1036351+13:00" testType="13cdc9d9-ddb5-4fa4-a97d-d965ccfc6d4b" outcome="Passed" testListId="8c84fa94-04c1-424b-9868-57a2d4851a1d" relativeResultsDirectory="6ee03f80-f853-4e64-8f07-624698800938" />
    <UnitTestResult executionId="3ca76ed2-a769-4594-896b-d7ca7716a2da" testId="f511e198-689a-3ab9-23b0-c4209e430e2a" testName="Test13" computerName="PC" duration="00:00:00.0000001" startTime="2024-12-28T14:27:29.1147777+13:00" endTime="2024-12-28T14:27:29.1147777+13:00" testType="13cdc9d9-ddb5-4fa4-a97d-d965ccfc6d4b" outcome="Passed" testListId="8c84fa94-04c1-424b-9868-57a2d4851a1d" relativeResultsDirectory="3ca76ed2-a769-4594-896b-d7ca7716a2da" />
    <UnitTestResult executionId="1633800a-8d74-4a0d-adc9-00b6dc6c4222" testId="e66115e4-b0bf-422d-409b-5ec9fc7c00d2" testName="Test14" computerName="PC" duration="00:00:00.0000001" startTime="2024-12-28T14:27:29.0945110+13:00" endTime="2024-12-28T14:27:29.0945110+13:00" testType="13cdc9d9-ddb5-4fa4-a97d-d965ccfc6d4b" outcome="Passed" testListId="8c84fa94-04c1-424b-9868-57a2d4851a1d" relativeResultsDirectory="1633800a-8d74-4a0d-adc9-00b6dc6c4222" />
    <UnitTestResult executionId="a3ae249a-0a2e-44b4-b8d9-7229d1e5bc0d" testId="9a49600b-4d26-32e9-c465-635587d876a8" testName="Test2" computerName="PC" duration="00:00:00.0000001" startTime="2024-12-28T14:27:29.1036351+13:00" endTime="2024-12-28T14:27:29.1036351+13:00" testType="13cdc9d9-ddb5-4fa4-a97d-d965ccfc6d4b" outcome="Passed" testListId="8c84fa94-04c1-424b-9868-57a2d4851a1d" relativeResultsDirectory="a3ae249a-0a2e-44b4-b8d9-7229d1e5bc0d" />
    <UnitTestResult executionId="6923030e-65a5-48cd-af76-b48368a8a56a" testId="7b68d53a-2bbf-9d70-bc6d-886444b69c07" testName="Test1" computerName="PC" duration="00:00:10.0030000" startTime="2024-12-28T14:27:29.0929990+13:00" endTime="2024-12-28T14:27:29.0929990+13:00" testType="13cdc9d9-ddb5-4fa4-a97d-d965ccfc6d4b" outcome="Passed" testListId="8c84fa94-04c1-424b-9868-57a2d4851a1d" relativeResultsDirectory="6923030e-65a5-48cd-af76-b48368a8a56a" />
    <UnitTestResult executionId="9bb976a7-c72b-41e7-966f-3b3aa83adb97" testId="7ad6752b-887a-706f-dbdd-37c961fe8bf9" testName="Test13" computerName="PC" duration="00:00:00.0000001" startTime="2024-12-28T14:27:29.1109465+13:00" endTime="2024-12-28T14:27:29.1109465+13:00" testType="13cdc9d9-ddb5-4fa4-a97d-d965ccfc6d4b" outcome="Passed" testListId="8c84fa94-04c1-424b-9868-57a2d4851a1d" relativeResultsDirectory="9bb976a7-c72b-41e7-966f-3b3aa83adb97" />
    <UnitTestResult executionId="53e211d0-1b35-4f98-bc6f-b34b5517ff9b" testId="50c36110-b5d7-d210-6918-4ef40f8f16cb" testName="Test1" computerName="PC" duration="00:00:00.0000001" startTime="2024-12-28T14:27:29.0970334+13:00" endTime="2024-12-28T14:27:29.0970334+13:00" testType="13cdc9d9-ddb5-4fa4-a97d-d965ccfc6d4b" outcome="Passed" testListId="8c84fa94-04c1-424b-9868-57a2d4851a1d" relativeResultsDirectory="53e211d0-1b35-4f98-bc6f-b34b5517ff9b" />
    <UnitTestResult executionId="fbd8c58e-12f9-43f5-903a-8223c8dfc054" testId="b22de6a0-7a61-8ef8-e538-af7274786a56" testName="Test18" computerName="PC" duration="00:00:00.0000001" startTime="2024-12-28T14:27:29.1089193+13:00" endTime="2024-12-28T14:27:29.1089193+13:00" testType="13cdc9d9-ddb5-4fa4-a97d-d965ccfc6d4b" outcome="Passed" testListId="8c84fa94-04c1-424b-9868-57a2d4851a1d" relativeResultsDirectory="fbd8c58e-12f9-43f5-903a-8223c8dfc054" />
    <UnitTestResult executionId="7b3f6857-580a-4fdb-82a7-23ac2417e49d" testId="1fd928ed-ec7d-e6f7-1e4b-fa3d6a654131" testName="Test15" computerName="PC" duration="00:00:00.0000001" startTime="2024-12-28T14:27:29.1000943+13:00" endTime="2024-12-28T14:27:29.1000943+13:00" testType="13cdc9d9-ddb5-4fa4-a97d-d965ccfc6d4b" outcome="Passed" testListId="8c84fa94-04c1-424b-9868-57a2d4851a1d" relativeResultsDirectory="7b3f6857-580a-4fdb-82a7-23ac2417e49d" />
    <UnitTestResult executionId="e4c3e06d-1de8-46c8-86b5-090eea9f10be" testId="fbb90106-49e6-ed9c-899f-9bfba4ec3aa3" testName="Test12" computerName="PC" duration="00:00:00.0000001" startTime="2024-12-28T14:27:29.1124529+13:00" endTime="2024-12-28T14:27:29.1124529+13:00" testType="13cdc9d9-ddb5-4fa4-a97d-d965ccfc6d4b" outcome="Passed" testListId="8c84fa94-04c1-424b-9868-57a2d4851a1d" relativeResultsDirectory="e4c3e06d-1de8-46c8-86b5-090eea9f10be" />
    <UnitTestResult executionId="8497db5e-6cfc-4e5c-bd55-ab1a043b3f02" testId="2e3321a3-df57-f0bc-5c80-79bc8ac6b825" testName="Test13" computerName="PC" duration="00:00:00.0000001" startTime="2024-12-28T14:27:29.0975397+13:00" endTime="2024-12-28T14:27:29.0975397+13:00" testType="13cdc9d9-ddb5-4fa4-a97d-d965ccfc6d4b" outcome="Passed" testListId="8c84fa94-04c1-424b-9868-57a2d4851a1d" relativeResultsDirectory="8497db5e-6cfc-4e5c-bd55-ab1a043b3f02" />
    <UnitTestResult executionId="9ed7fabc-6b60-4959-be67-b4379c94fe38" testId="6eb3b2d6-5aa8-3c0f-28c1-bdf4f0e2348f" testName="Test19" computerName="PC" duration="00:00:00.0000001" startTime="2024-12-28T14:27:29.0970334+13:00" endTime="2024-12-28T14:27:29.0970334+13:00" testType="13cdc9d9-ddb5-4fa4-a97d-d965ccfc6d4b" outcome="Passed" testListId="8c84fa94-04c1-424b-9868-57a2d4851a1d" relativeResultsDirectory="9ed7fabc-6b60-4959-be67-b4379c94fe38" />
    <UnitTestResult executionId="e507f734-3573-4b49-a048-70e69ebc0aeb" testId="9e7affba-1013-03ab-af1f-747afb7a72a6" testName="Test16" computerName="PC" duration="00:00:00.0000001" startTime="2024-12-28T14:27:29.1183149+13:00" endTime="2024-12-28T14:27:29.1183149+13:00" testType="13cdc9d9-ddb5-4fa4-a97d-d965ccfc6d4b" outcome="Passed" testListId="8c84fa94-04c1-424b-9868-57a2d4851a1d" relativeResultsDirectory="e507f734-3573-4b49-a048-70e69ebc0aeb" />
    <UnitTestResult executionId="696c9f50-a62f-46f3-b981-3603b4ce07b0" testId="dba3746e-63ad-74eb-e321-162666387d8b" testName="XunitTests.Tests.Test1" computerName="PC" duration="00:00:10.1160000" startTime="2024-12-28T14:27:30.3316493+13:00" endTime="2024-12-28T14:27:30.3316493+13:00" testType="13cdc9d9-ddb5-4fa4-a97d-d965ccfc6d4b" outcome="Passed" testListId="8c84fa94-04c1-424b-9868-57a2d4851a1d" relativeResultsDirectory="696c9f50-a62f-46f3-b981-3603b4ce07b0" />
    <UnitTestResult executionId="72f07486-5d9a-4945-8ea0-d7c1178c9a39" testId="94ab0d19-c472-78f7-6892-bf082bd13679" testName="Test13" computerName="PC" duration="00:00:00.0000001" startTime="2024-12-28T14:27:29.1183149+13:00" endTime="2024-12-28T14:27:29.1183149+13:00" testType="13cdc9d9-ddb5-4fa4-a97d-d965ccfc6d4b" outcome="Passed" testListId="8c84fa94-04c1-424b-9868-57a2d4851a1d" relativeResultsDirectory="72f07486-5d9a-4945-8ea0-d7c1178c9a39" />
    <UnitTestResult executionId="85f623e4-8728-4dfa-945a-3cd0a9605176" testId="e3ce759b-1489-a0d9-45f1-52d7b8a71318" testName="Test17" computerName="PC" duration="00:00:00.0000001" startTime="2024-12-28T14:27:29.0980455+13:00" endTime="2024-12-28T14:27:29.0980455+13:00" testType="13cdc9d9-ddb5-4fa4-a97d-d965ccfc6d4b" outcome="Passed" testListId="8c84fa94-04c1-424b-9868-57a2d4851a1d" relativeResultsDirectory="85f623e4-8728-4dfa-945a-3cd0a9605176" />
    <UnitTestResult executionId="dc80568d-cb59-413d-869c-ae5ff52fd56f" testId="59061b7d-5089-1c66-fc54-1620e3680bc3" testName="Test15" computerName="PC" duration="00:00:00.0000001" startTime="2024-12-28T14:27:29.1183149+13:00" endTime="2024-12-28T14:27:29.1183149+13:00" testType="13cdc9d9-ddb5-4fa4-a97d-d965ccfc6d4b" outcome="Passed" testListId="8c84fa94-04c1-424b-9868-57a2d4851a1d" relativeResultsDirectory="dc80568d-cb59-413d-869c-ae5ff52fd56f" />
    <UnitTestResult executionId="a3544795-dfbe-42c5-9938-13bdee428e39" testId="a5c98dce-9319-3dfa-57d7-01ecf32fe737" testName="Test14" computerName="PC" duration="00:00:00.0000001" startTime="2024-12-28T14:27:29.1057195+13:00" endTime="2024-12-28T14:27:29.1057195+13:00" testType="13cdc9d9-ddb5-4fa4-a97d-d965ccfc6d4b" outcome="Passed" testListId="8c84fa94-04c1-424b-9868-57a2d4851a1d" relativeResultsDirectory="a3544795-dfbe-42c5-9938-13bdee428e39" />
    <UnitTestResult executionId="57ba03f2-bebd-4a1a-86fd-745e149bc8d3" testId="da93612a-3142-c87d-9cfc-ffc087bd2231" testName="Test16" computerName="PC" duration="00:00:00.0000001" startTime="2024-12-28T14:27:29.0980455+13:00" endTime="2024-12-28T14:27:29.0980455+13:00" testType="13cdc9d9-ddb5-4fa4-a97d-d965ccfc6d4b" outcome="Passed" testListId="8c84fa94-04c1-424b-9868-57a2d4851a1d" relativeResultsDirectory="57ba03f2-bebd-4a1a-86fd-745e149bc8d3" />
    <UnitTestResult executionId="69bf6aa2-7fd0-4e37-a807-627719b6dc67" testId="d8160c3d-5ccc-ad97-f468-b94b041b0893" testName="Test2" computerName="PC" duration="00:00:00.0000001" startTime="2024-12-28T14:27:29.1067408+13:00" endTime="2024-12-28T14:27:29.1067408+13:00" testType="13cdc9d9-ddb5-4fa4-a97d-d965ccfc6d4b" outcome="Passed" testListId="8c84fa94-04c1-424b-9868-57a2d4851a1d" relativeResultsDirectory="69bf6aa2-7fd0-4e37-a807-627719b6dc67" />
    <UnitTestResult executionId="96923784-2a12-471c-9223-c3b78e1b04ac" testId="72de7cd3-ad8d-74be-2086-7c06ad28af11" testName="Test13" computerName="PC" duration="00:00:00.0000001" startTime="2024-12-28T14:27:29.0990559+13:00" endTime="2024-12-28T14:27:29.0990559+13:00" testType="13cdc9d9-ddb5-4fa4-a97d-d965ccfc6d4b" outcome="Passed" testListId="8c84fa94-04c1-424b-9868-57a2d4851a1d" relativeResultsDirectory="96923784-2a12-471c-9223-c3b78e1b04ac" />
    <UnitTestResult executionId="54c168d2-77df-422d-9fa2-16ba375353af" testId="c2adea4f-90af-c134-d023-3c565ec77671" testName="Test111" computerName="PC" duration="00:00:00.0000001" startTime="2024-12-28T14:27:29.0935057+13:00" endTime="2024-12-28T14:27:29.0935057+13:00" testType="13cdc9d9-ddb5-4fa4-a97d-d965ccfc6d4b" outcome="Passed" testListId="8c84fa94-04c1-424b-9868-57a2d4851a1d" relativeResultsDirectory="54c168d2-77df-422d-9fa2-16ba375353af" />
    <UnitTestResult executionId="330ba427-7dce-46c3-b3f6-397493434dd2" testId="5431ec40-55ea-4a8a-7ed0-cc2cdeec0d77" testName="Test15" computerName="PC" duration="00:00:00.0000001" startTime="2024-12-28T14:27:29.0950143+13:00" endTime="2024-12-28T14:27:29.0950143+13:00" testType="13cdc9d9-ddb5-4fa4-a97d-d965ccfc6d4b" outcome="Passed" testListId="8c84fa94-04c1-424b-9868-57a2d4851a1d" relativeResultsDirectory="330ba427-7dce-46c3-b3f6-397493434dd2" />
    <UnitTestResult executionId="43c470d5-cebb-47c5-ac6e-98f75468f94b" testId="c65b8e3b-d187-56b2-1621-9f7e23791d25" testName="Test15" computerName="PC" duration="00:00:00.0000001" startTime="2024-12-28T14:27:29.1157934+13:00" endTime="2024-12-28T14:27:29.1157934+13:00" testType="13cdc9d9-ddb5-4fa4-a97d-d965ccfc6d4b" outcome="Passed" testListId="8c84fa94-04c1-424b-9868-57a2d4851a1d" relativeResultsDirectory="43c470d5-cebb-47c5-ac6e-98f75468f94b" />
    <UnitTestResult executionId="dbd4b44c-fab3-49f4-9a11-ca2c3979438c" testId="26f74f21-a57f-0867-71d2-85cac69fcad8" testName="Test112" computerName="PC" duration="00:00:00.0000001" startTime="2024-12-28T14:27:29.0975397+13:00" endTime="2024-12-28T14:27:29.0975397+13:00" testType="13cdc9d9-ddb5-4fa4-a97d-d965ccfc6d4b" outcome="Passed" testListId="8c84fa94-04c1-424b-9868-57a2d4851a1d" relativeResultsDirectory="dbd4b44c-fab3-49f4-9a11-ca2c3979438c" />
    <UnitTestResult executionId="f196240a-19d8-4473-920e-1ab429be329a" testId="d4697f78-6ac6-b900-8fd8-4920442ce735" testName="Test19" computerName="PC" duration="00:00:00.0000001" startTime="2024-12-28T14:27:29.1119504+13:00" endTime="2024-12-28T14:27:29.1119504+13:00" testType="13cdc9d9-ddb5-4fa4-a97d-d965ccfc6d4b" outcome="Passed" testListId="8c84fa94-04c1-424b-9868-57a2d4851a1d" relativeResultsDirectory="f196240a-19d8-4473-920e-1ab429be329a" />
    <UnitTestResult executionId="01a2c2b2-6025-4116-bb03-c961c55f421a" testId="dbb6e1e2-ca92-f802-b555-61ae60e382ee" testName="Test112" computerName="PC" duration="00:00:00.0000001" startTime="2024-12-28T14:27:29.1124529+13:00" endTime="2024-12-28T14:27:29.1124529+13:00" testType="13cdc9d9-ddb5-4fa4-a97d-d965ccfc6d4b" outcome="Passed" testListId="8c84fa94-04c1-424b-9868-57a2d4851a1d" relativeResultsDirectory="01a2c2b2-6025-4116-bb03-c961c55f421a" />
    <UnitTestResult executionId="43583735-02e5-4be0-8cea-a770392cca81" testId="da7473e4-b293-419a-a845-6a46ea266d62" testName="Test12" computerName="PC" duration="00:00:00.0000001" startTime="2024-12-28T14:27:29.0990559+13:00" endTime="2024-12-28T14:27:29.0990559+13:00" testType="13cdc9d9-ddb5-4fa4-a97d-d965ccfc6d4b" outcome="Passed" testListId="8c84fa94-04c1-424b-9868-57a2d4851a1d" relativeResultsDirectory="43583735-02e5-4be0-8cea-a770392cca81" />
    <UnitTestResult executionId="ef07c91d-e833-4244-9264-64328ff35828" testId="175c8209-2688-f40c-6fcd-66907ed411f4" testName="Test14" computerName="PC" duration="00:00:00.0000001" startTime="2024-12-28T14:27:29.1000943+13:00" endTime="2024-12-28T14:27:29.1000943+13:00" testType="13cdc9d9-ddb5-4fa4-a97d-d965ccfc6d4b" outcome="Passed" testListId="8c84fa94-04c1-424b-9868-57a2d4851a1d" relativeResultsDirectory="ef07c91d-e833-4244-9264-64328ff35828" />
  </Results>
  <TestDefinitions>
    <UnitTest name="Test19" storage="c:\users\chapm\desktop\nunitparallel\nunitparallel/bin/release/net481/nunitparallel.dll" id="6eb3b2d6-5aa8-3c0f-28c1-bdf4f0e2348f">
      <Execution id="9ed7fabc-6b60-4959-be67-b4379c94fe38" />
      <TestMethod codeBase="C:\Users\chapm\Desktop\NunitParallel\NunitParallel/bin/Release/net481/NunitParallel.dll" adapterTypeName="executor://nunittestexecutor/" className="NunitParallel.Tests" name="Test19" />
    </UnitTest>
    <UnitTest name="Test19" storage="c:\users\chapm\desktop\nunitparallel\nunitparallel/bin/release/net481/nunitparallel.dll" id="94e8da01-6541-743f-b771-04ea069a5023">
      <Execution id="c1e62027-f643-4003-871a-38affcd72dc6" />
      <TestMethod codeBase="C:\Users\chapm\Desktop\NunitParallel\NunitParallel/bin/Release/net481/NunitParallel.dll" adapterTypeName="executor://nunittestexecutor/" className="NunitParallel.Tests12" name="Test19" />
    </UnitTest>
    <UnitTest name="Test1" storage="c:\users\chapm\desktop\nunitparallel\nunitparallel/bin/release/net481/nunitparallel.dll" id="ba2bdc1c-6894-a90e-1f7e-055fc9d1174f">
      <Execution id="f0f22216-04fa-4f54-9b5a-35c2cfa806fc" />
      <TestMethod codeBase="C:\Users\chapm\Desktop\NunitParallel\NunitParallel/bin/Release/net481/NunitParallel.dll" adapterTypeName="executor://nunittestexecutor/" className="NunitParallel.CoedTest" name="Test1" />
    </UnitTest>
    <UnitTest name="Test111" storage="c:\users\chapm\desktop\nunitparallel\nunitparallel/bin/release/net481/nunitparallel.dll" id="523f04dd-f0de-7750-e7c3-731f2862f446">
      <Execution id="3b2bc4f1-0ca3-4906-b63c-7f0df93410ef" />
      <TestMethod codeBase="C:\Users\chapm\Desktop\NunitParallel\NunitParallel/bin/Release/net481/NunitParallel.dll" adapterTypeName="executor://nunittestexecutor/" className="NunitParallel.Tests34" name="Test111" />
    </UnitTest>
    <UnitTest name="XunitTests.Tests.Test1" storage="c:\users\chapm\desktop\nunitparallel\xunittests/bin/release/net481/xunittests.dll" id="dba3746e-63ad-74eb-e321-162666387d8b">
      <Execution id="696c9f50-a62f-46f3-b981-3603b4ce07b0" />
      <TestMethod codeBase="C:\Users\chapm\Desktop\NunitParallel\XUnitTests/bin/release/net481/XunitTests.dll" adapterTypeName="executor://xunit/VsTestRunner2" className="XunitTests.Tests" name="Test1" />
    </UnitTest>
    <UnitTest name="Test15" storage="c:\users\chapm\desktop\nunitparallel\nunitparallel/bin/release/net481/nunitparallel.dll" id="59061b7d-5089-1c66-fc54-1620e3680bc3">
      <Execution id="dc80568d-cb59-413d-869c-ae5ff52fd56f" />
      <TestMethod codeBase="C:\Users\chapm\Desktop\NunitParallel\NunitParallel/bin/Release/net481/NunitParallel.dll" adapterTypeName="executor://nunittestexecutor/" className="NunitParallel.Tests9" name="Test15" />
    </UnitTest>
    <UnitTest name="Test111" storage="c:\users\chapm\desktop\nunitparallel\nunitparallel/bin/release/net481/nunitparallel.dll" id="fa1431e8-06ad-2073-b89b-bd93f68e516c">
      <Execution id="076ceb59-3340-4be3-afcf-ce9a72f90aa1" />
      <TestMethod codeBase="C:\Users\chapm\Desktop\NunitParallel\NunitParallel/bin/Release/net481/NunitParallel.dll" adapterTypeName="executor://nunittestexecutor/" className="NunitParallel.Tests6" name="Test111" />
    </UnitTest>
    <UnitTest name="Test13" storage="c:\users\chapm\desktop\nunitparallel\nunitparallel/bin/release/net481/nunitparallel.dll" id="72de7cd3-ad8d-74be-2086-7c06ad28af11">
      <Execution id="96923784-2a12-471c-9223-c3b78e1b04ac" />
      <TestMethod codeBase="C:\Users\chapm\Desktop\NunitParallel\NunitParallel/bin/Release/net481/NunitParallel.dll" adapterTypeName="executor://nunittestexecutor/" className="NunitParallel.Tests12" name="Test13" />
    </UnitTest>
    <UnitTest name="Test16" storage="c:\users\chapm\desktop\nunitparallel\nunitparallel/bin/release/net481/nunitparallel.dll" id="14ceea3f-fd21-a964-9c91-194609fb85dc">
      <Execution id="db9ecde6-06b2-4f92-9c2f-0c0eab005bb9" />
      <TestMethod codeBase="C:\Users\chapm\Desktop\NunitParallel\NunitParallel/bin/Release/net481/NunitParallel.dll" adapterTypeName="executor://nunittestexecutor/" className="NunitParallel.Tests7" name="Test16" />
    </UnitTest>
    <UnitTest name="Test111" storage="c:\users\chapm\desktop\nunitparallel\nunitparallel/bin/release/net481/nunitparallel.dll" id="1421b4eb-425f-9d45-d394-86b5a9dbe611">
      <Execution id="f3620ea9-3046-4018-826d-149bbdde52d3" />
      <TestMethod codeBase="C:\Users\chapm\Desktop\NunitParallel\NunitParallel/bin/Release/net481/NunitParallel.dll" adapterTypeName="executor://nunittestexecutor/" className="NunitParallel.Tests7" name="Test111" />
    </UnitTest>
    <UnitTest name="Test111" storage="c:\users\chapm\desktop\nunitparallel\nunitparallel/bin/release/net481/nunitparallel.dll" id="6d114866-08d3-e4ee-07dc-1eac049bc3ea">
      <Execution id="9303001e-86d1-4ed7-9a06-72995aedf328" />
      <TestMethod codeBase="C:\Users\chapm\Desktop\NunitParallel\NunitParallel/bin/Release/net481/NunitParallel.dll" adapterTypeName="executor://nunittestexecutor/" className="NunitParallel.Tests8" name="Test111" />
    </UnitTest>
    <UnitTest name="Test18" storage="c:\users\chapm\desktop\nunitparallel\nunitparallel/bin/release/net481/nunitparallel.dll" id="f1a39f8c-880c-f75d-8edd-2f2a73c61719">
      <Execution id="ec2474f6-2d57-497f-a700-d1ee79630a84" />
      <TestMethod codeBase="C:\Users\chapm\Desktop\NunitParallel\NunitParallel/bin/Release/net481/NunitParallel.dll" adapterTypeName="executor://nunittestexecutor/" className="NunitParallel.Tests11" name="Test18" />
    </UnitTest>
    <UnitTest name="Test19" storage="c:\users\chapm\desktop\nunitparallel\nunitparallel/bin/release/net481/nunitparallel.dll" id="a104eba9-487d-fcdd-fb1c-b70cb54f0f3b">
      <Execution id="09f3068f-1797-4a81-8c3e-e0fae5ad756e" />
      <TestMethod codeBase="C:\Users\chapm\Desktop\NunitParallel\NunitParallel/bin/Release/net481/NunitParallel.dll" adapterTypeName="executor://nunittestexecutor/" className="NunitParallel.Tests34" name="Test19" />
    </UnitTest>
    <UnitTest name="Test19" storage="c:\users\chapm\desktop\nunitparallel\nunitparallel/bin/release/net481/nunitparallel.dll" id="e46d6a44-4b6e-f34d-eb09-8be425f09b8d">
      <Execution id="da98f712-72f3-4a5d-9d80-83164c926b96" />
      <TestMethod codeBase="C:\Users\chapm\Desktop\NunitParallel\NunitParallel/bin/Release/net481/NunitParallel.dll" adapterTypeName="executor://nunittestexecutor/" className="NunitParallel.Tests7" name="Test19" />
    </UnitTest>
    <UnitTest name="Test18" storage="c:\users\chapm\desktop\nunitparallel\nunitparallel/bin/release/net481/nunitparallel.dll" id="f9045ebd-966d-77c9-78ca-e2431a1fb770">
      <Execution id="67cfff9c-9c88-41ef-9470-1226639f9c59" />
      <TestMethod codeBase="C:\Users\chapm\Desktop\NunitParallel\NunitParallel/bin/Release/net481/NunitParallel.dll" adapterTypeName="executor://nunittestexecutor/" className="NunitParallel.Tests8" name="Test18" />
    </UnitTest>
    <UnitTest name="Test13" storage="c:\users\chapm\desktop\nunitparallel\nunitparallel/bin/release/net481/nunitparallel.dll" id="f511e198-689a-3ab9-23b0-c4209e430e2a">
      <Execution id="3ca76ed2-a769-4594-896b-d7ca7716a2da" />
      <TestMethod codeBase="C:\Users\chapm\Desktop\NunitParallel\NunitParallel/bin/Release/net481/NunitParallel.dll" adapterTypeName="executor://nunittestexecutor/" className="NunitParallel.Tests8" name="Test13" />
    </UnitTest>
    <UnitTest name="Test18" storage="c:\users\chapm\desktop\nunitparallel\nunitparallel/bin/release/net481/nunitparallel.dll" id="34e30f45-ec92-de67-7045-348f35eb8a7a">
      <Execution id="2dd4c20b-6d65-482a-be27-fa7f0b353de8" />
      <TestMethod codeBase="C:\Users\chapm\Desktop\NunitParallel\NunitParallel/bin/Release/net481/NunitParallel.dll" adapterTypeName="executor://nunittestexecutor/" className="NunitParallel.Tests12" name="Test18" />
    </UnitTest>
    <UnitTest name="Test12" storage="c:\users\chapm\desktop\nunitparallel\nunitparallel/bin/release/net481/nunitparallel.dll" id="3e170c74-fb51-a694-c7fd-2d0ec950b728">
      <Execution id="95949584-a90c-4dc8-820c-146cdc9d9c83" />
      <TestMethod codeBase="C:\Users\chapm\Desktop\NunitParallel\NunitParallel/bin/Release/net481/NunitParallel.dll" adapterTypeName="executor://nunittestexecutor/" className="NunitParallel.Tests9" name="Test12" />
    </UnitTest>
    <UnitTest name="Test111" storage="c:\users\chapm\desktop\nunitparallel\nunitparallel/bin/release/net481/nunitparallel.dll" id="98148501-8229-e358-d79a-8a336b404e5b">
      <Execution id="c4f10a36-5d0e-42fd-beb0-62b132617645" />
      <TestMethod codeBase="C:\Users\chapm\Desktop\NunitParallel\NunitParallel/bin/Release/net481/NunitParallel.dll" adapterTypeName="executor://nunittestexecutor/" className="NunitParallel.Tests12" name="Test111" />
    </UnitTest>
    <UnitTest name="Test1" storage="c:\users\chapm\desktop\nunitparallel\nunitparallel/bin/release/net481/nunitparallel.dll" id="10dd2cad-a256-c8c9-5883-8309dd2422d1">
      <Execution id="d292740e-7318-44c5-bad0-dec67a8bb2fc" />
      <TestMethod codeBase="C:\Users\chapm\Desktop\NunitParallel\NunitParallel/bin/Release/net481/NunitParallel.dll" adapterTypeName="executor://nunittestexecutor/" className="NunitParallel.Tests7" name="Test1" />
    </UnitTest>
    <UnitTest name="Test12" storage="c:\users\chapm\desktop\nunitparallel\nunitparallel/bin/release/net481/nunitparallel.dll" id="65663923-0033-473d-37f3-53742c9cb045">
      <Execution id="3954ae4c-03a3-4c94-8c94-0fa697afb204" />
      <TestMethod codeBase="C:\Users\chapm\Desktop\NunitParallel\NunitParallel/bin/Release/net481/NunitParallel.dll" adapterTypeName="executor://nunittestexecutor/" className="NunitParallel.Tests34" name="Test12" />
    </UnitTest>
    <UnitTest name="Test14" storage="c:\users\chapm\desktop\nunitparallel\nunitparallel/bin/release/net481/nunitparallel.dll" id="3a891510-3a32-3754-287d-c693b7dd5098">
      <Execution id="96d73bde-3eee-4cf8-b966-679431a3113c" />
      <TestMethod codeBase="C:\Users\chapm\Desktop\NunitParallel\NunitParallel/bin/Release/net481/NunitParallel.dll" adapterTypeName="executor://nunittestexecutor/" className="NunitParallel.Tests5" name="Test14" />
    </UnitTest>
    <UnitTest name="Test18" storage="c:\users\chapm\desktop\nunitparallel\nunitparallel/bin/release/net481/nunitparallel.dll" id="33efaf36-3ad9-785a-a729-5d721eb49339">
      <Execution id="4ed64e0c-49db-437d-86fd-687b9003b88c" />
      <TestMethod codeBase="C:\Users\chapm\Desktop\NunitParallel\NunitParallel/bin/Release/net481/NunitParallel.dll" adapterTypeName="executor://nunittestexecutor/" className="NunitParallel.Tests6" name="Test18" />
    </UnitTest>
    <UnitTest name="Test15" storage="c:\users\chapm\desktop\nunitparallel\nunitparallel/bin/release/net481/nunitparallel.dll" id="0e217c85-8991-395a-a38e-be2627eb637e">
      <Execution id="c54ff341-94e4-4f47-8cc0-e3acf341ef68" />
      <TestMethod codeBase="C:\Users\chapm\Desktop\NunitParallel\NunitParallel/bin/Release/net481/NunitParallel.dll" adapterTypeName="executor://nunittestexecutor/" className="NunitParallel.Tests34" name="Test15" />
    </UnitTest>
    <UnitTest name="Test17" storage="c:\users\chapm\desktop\nunitparallel\nunitparallel/bin/release/net481/nunitparallel.dll" id="9e08b206-5089-e2cf-7877-5eb8f23fc6e7">
      <Execution id="f7b9590c-94b6-49b7-b754-4447be1d314f" />
      <TestMethod codeBase="C:\Users\chapm\Desktop\NunitParallel\NunitParallel/bin/Release/net481/NunitParallel.dll" adapterTypeName="executor://nunittestexecutor/" className="NunitParallel.Tests12" name="Test17" />
    </UnitTest>
    <UnitTest name="Test2" storage="c:\users\chapm\desktop\nunitparallel\nunitparallel/bin/release/net481/nunitparallel.dll" id="9a49600b-4d26-32e9-c465-635587d876a8">
      <Execution id="a3ae249a-0a2e-44b4-b8d9-7229d1e5bc0d" />
      <TestMethod codeBase="C:\Users\chapm\Desktop\NunitParallel\NunitParallel/bin/Release/net481/NunitParallel.dll" adapterTypeName="executor://nunittestexecutor/" className="NunitParallel.Tests2" name="Test2" />
    </UnitTest>
    <UnitTest name="Test19" storage="c:\users\chapm\desktop\nunitparallel\nunitparallel/bin/release/net481/nunitparallel.dll" id="d4697f78-6ac6-b900-8fd8-4920442ce735">
      <Execution id="f196240a-19d8-4473-920e-1ab429be329a" />
      <TestMethod codeBase="C:\Users\chapm\Desktop\NunitParallel\NunitParallel/bin/Release/net481/NunitParallel.dll" adapterTypeName="executor://nunittestexecutor/" className="NunitParallel.Tests6" name="Test19" />
    </UnitTest>
    <UnitTest name="Test18" storage="c:\users\chapm\desktop\nunitparallel\nunitparallel/bin/release/net481/nunitparallel.dll" id="9265d4a9-b585-b9b1-120b-095b09ce6c14">
      <Execution id="dd8c629d-3a20-43bd-8c5f-614afe10d155" />
      <TestMethod codeBase="C:\Users\chapm\Desktop\NunitParallel\NunitParallel/bin/Release/net481/NunitParallel.dll" adapterTypeName="executor://nunittestexecutor/" className="NunitParallel.Tests34" name="Test18" />
    </UnitTest>
    <UnitTest name="Test16" storage="c:\users\chapm\desktop\nunitparallel\nunitparallel/bin/release/net481/nunitparallel.dll" id="9e7affba-1013-03ab-af1f-747afb7a72a6">
      <Execution id="e507f734-3573-4b49-a048-70e69ebc0aeb" />
      <TestMethod codeBase="C:\Users\chapm\Desktop\NunitParallel\NunitParallel/bin/Release/net481/NunitParallel.dll" adapterTypeName="executor://nunittestexecutor/" className="NunitParallel.Tests9" name="Test16" />
    </UnitTest>
    <UnitTest name="Test1" storage="c:\users\chapm\desktop\nunitparallel\nunitparallel/bin/release/net481/nunitparallel.dll" id="f965f7c3-a148-451f-e2c5-5a43a88e61bf">
      <Execution id="76766c58-b287-4966-95a5-558712f05453" />
      <TestMethod codeBase="C:\Users\chapm\Desktop\NunitParallel\NunitParallel/bin/Release/net481/NunitParallel.dll" adapterTypeName="executor://nunittestexecutor/" className="NunitParallel.Tests12" name="Test1" />
    </UnitTest>
    <UnitTest name="Test1" storage="c:\users\chapm\desktop\nunitparallel\nunitparallel/bin/release/net481/nunitparallel.dll" id="df12e795-f81c-03f2-09b1-9b8ec10f348d">
      <Execution id="49161488-551c-4c66-83c1-506dcbfac9e8" />
      <TestMethod codeBase="C:\Users\chapm\Desktop\NunitParallel\NunitParallel/bin/Release/net481/NunitParallel.dll" adapterTypeName="executor://nunittestexecutor/" className="NunitParallel.Tests9" name="Test1" />
    </UnitTest>
    <UnitTest name="Test112" storage="c:\users\chapm\desktop\nunitparallel\nunitparallel/bin/release/net481/nunitparallel.dll" id="0623e84b-f689-54c0-8d2d-b03fca751202">
      <Execution id="dbace1fa-69f9-47a3-a684-0924825b3cc2" />
      <TestMethod codeBase="C:\Users\chapm\Desktop\NunitParallel\NunitParallel/bin/Release/net481/NunitParallel.dll" adapterTypeName="executor://nunittestexecutor/" className="NunitParallel.Tests6" name="Test112" />
    </UnitTest>
    <UnitTest name="Test13" storage="c:\users\chapm\desktop\nunitparallel\nunitparallel/bin/release/net481/nunitparallel.dll" id="2e3321a3-df57-f0bc-5c80-79bc8ac6b825">
      <Execution id="8497db5e-6cfc-4e5c-bd55-ab1a043b3f02" />
      <TestMethod codeBase="C:\Users\chapm\Desktop\NunitParallel\NunitParallel/bin/Release/net481/NunitParallel.dll" adapterTypeName="executor://nunittestexecutor/" className="NunitParallel.Tests11" name="Test13" />
    </UnitTest>
    <UnitTest name="Test111" storage="c:\users\chapm\desktop\nunitparallel\nunitparallel/bin/release/net481/nunitparallel.dll" id="a79e5d68-1966-e5cb-f4a8-4de5bdfc9969">
      <Execution id="a30f2440-a0c4-4702-a997-65ce77804f43" />
      <TestMethod codeBase="C:\Users\chapm\Desktop\NunitParallel\NunitParallel/bin/Release/net481/NunitParallel.dll" adapterTypeName="executor://nunittestexecutor/" className="NunitParallel.Tests11" name="Test111" />
    </UnitTest>
    <UnitTest name="Test14" storage="c:\users\chapm\desktop\nunitparallel\nunitparallel/bin/release/net481/nunitparallel.dll" id="5b0056e8-f62e-0194-4596-af588dc55740">
      <Execution id="334183e5-58c1-4e71-a080-71f32eaa9324" />
      <TestMethod codeBase="C:\Users\chapm\Desktop\NunitParallel\NunitParallel/bin/Release/net481/NunitParallel.dll" adapterTypeName="executor://nunittestexecutor/" className="NunitParallel.Tests9" name="Test14" />
    </UnitTest>
    <UnitTest name="Test16" storage="c:\users\chapm\desktop\nunitparallel\nunitparallel/bin/release/net481/nunitparallel.dll" id="77a1031b-4d72-ec19-4603-2420db39a622">
      <Execution id="79cb4965-6000-4c5d-b64a-6d26c3a70ee7" />
      <TestMethod codeBase="C:\Users\chapm\Desktop\NunitParallel\NunitParallel/bin/Release/net481/NunitParallel.dll" adapterTypeName="executor://nunittestexecutor/" className="NunitParallel.Tests8" name="Test16" />
    </UnitTest>
    <UnitTest name="Test18" storage="c:\users\chapm\desktop\nunitparallel\nunitparallel/bin/release/net481/nunitparallel.dll" id="7f3f13ca-b74f-61c3-43ec-9154f4f9aba8">
      <Execution id="7879e349-478d-405a-ab09-3e798ae37697" />
      <TestMethod codeBase="C:\Users\chapm\Desktop\NunitParallel\NunitParallel/bin/Release/net481/NunitParallel.dll" adapterTypeName="executor://nunittestexecutor/" className="NunitParallel.Tests7" name="Test18" />
    </UnitTest>
    <UnitTest name="Test15" storage="c:\users\chapm\desktop\nunitparallel\nunitparallel/bin/release/net481/nunitparallel.dll" id="5431ec40-55ea-4a8a-7ed0-cc2cdeec0d77">
      <Execution id="330ba427-7dce-46c3-b3f6-397493434dd2" />
      <TestMethod codeBase="C:\Users\chapm\Desktop\NunitParallel\NunitParallel/bin/Release/net481/NunitParallel.dll" adapterTypeName="executor://nunittestexecutor/" className="NunitParallel.Tests" name="Test15" />
    </UnitTest>
    <UnitTest name="Test14" storage="c:\users\chapm\desktop\nunitparallel\nunitparallel/bin/release/net481/nunitparallel.dll" id="175c8209-2688-f40c-6fcd-66907ed411f4">
      <Execution id="ef07c91d-e833-4244-9264-64328ff35828" />
      <TestMethod codeBase="C:\Users\chapm\Desktop\NunitParallel\NunitParallel/bin/Release/net481/NunitParallel.dll" adapterTypeName="executor://nunittestexecutor/" className="NunitParallel.Tests12" name="Test14" />
    </UnitTest>
    <UnitTest name="Test17" storage="c:\users\chapm\desktop\nunitparallel\nunitparallel/bin/release/net481/nunitparallel.dll" id="ff3ca070-5d03-3e34-cf1f-ed07faccbcc3">
      <Execution id="257ec854-7d54-4bcc-92f1-456471e320df" />
      <TestMethod codeBase="C:\Users\chapm\Desktop\NunitParallel\NunitParallel/bin/Release/net481/NunitParallel.dll" adapterTypeName="executor://nunittestexecutor/" className="NunitParallel.Tests8" name="Test17" />
    </UnitTest>
    <UnitTest name="Test14" storage="c:\users\chapm\desktop\nunitparallel\nunitparallel/bin/release/net481/nunitparallel.dll" id="66053208-124a-8409-5da8-7fe8ca7b368e">
      <Execution id="d0959583-74df-4924-a1d2-d878ab89ddd8" />
      <TestMethod codeBase="C:\Users\chapm\Desktop\NunitParallel\NunitParallel/bin/Release/net481/NunitParallel.dll" adapterTypeName="executor://nunittestexecutor/" className="NunitParallel.Tests7" name="Test14" />
    </UnitTest>
    <UnitTest name="Test14" storage="c:\users\chapm\desktop\nunitparallel\nunitparallel/bin/release/net481/nunitparallel.dll" id="bf957f5b-e704-298a-cd75-c57bf6fc5955">
      <Execution id="45462081-eb2d-4259-8628-1f03284b57f7" />
      <TestMethod codeBase="C:\Users\chapm\Desktop\NunitParallel\NunitParallel/bin/Release/net481/NunitParallel.dll" adapterTypeName="executor://nunittestexecutor/" className="NunitParallel.Tests6" name="Test14" />
    </UnitTest>
    <UnitTest name="Test111" storage="c:\users\chapm\desktop\nunitparallel\nunitparallel/bin/release/net481/nunitparallel.dll" id="c2adea4f-90af-c134-d023-3c565ec77671">
      <Execution id="54c168d2-77df-422d-9fa2-16ba375353af" />
      <TestMethod codeBase="C:\Users\chapm\Desktop\NunitParallel\NunitParallel/bin/Release/net481/NunitParallel.dll" adapterTypeName="executor://nunittestexecutor/" className="NunitParallel.Tests" name="Test111" />
    </UnitTest>
    <UnitTest name="Test1" storage="c:\users\chapm\desktop\nunitparallel\nunitparallel/bin/release/net481/nunitparallel.dll" id="7c92cfee-3ad9-4497-92f9-fe0aba6f68e8">
      <Execution id="87e6d15f-7ce8-42b0-ba64-d645b07220f2" />
      <TestMethod codeBase="C:\Users\chapm\Desktop\NunitParallel\NunitParallel/bin/Release/net481/NunitParallel.dll" adapterTypeName="executor://nunittestexecutor/" className="NunitParallel.Tests8" name="Test1" />
    </UnitTest>
    <UnitTest name="Test112" storage="c:\users\chapm\desktop\nunitparallel\nunitparallel/bin/release/net481/nunitparallel.dll" id="3a8f6e26-e1ea-d1fb-2de9-80a847cc19e6">
      <Execution id="e89ef7f8-fa87-452e-919f-f0cd5e1d557e" />
      <TestMethod codeBase="C:\Users\chapm\Desktop\NunitParallel\NunitParallel/bin/Release/net481/NunitParallel.dll" adapterTypeName="executor://nunittestexecutor/" className="NunitParallel.Tests5" name="Test112" />
    </UnitTest>
    <UnitTest name="Test112" storage="c:\users\chapm\desktop\nunitparallel\nunitparallel/bin/release/net481/nunitparallel.dll" id="61edf56f-ec18-6c63-e8e6-b164b7756ae0">
      <Execution id="f07258e2-8f60-4d4d-814a-5a5245c43a49" />
      <TestMethod codeBase="C:\Users\chapm\Desktop\NunitParallel\NunitParallel/bin/Release/net481/NunitParallel.dll" adapterTypeName="executor://nunittestexecutor/" className="NunitParallel.Tests8" name="Test112" />
    </UnitTest>
    <UnitTest name="Test14" storage="c:\users\chapm\desktop\nunitparallel\nunitparallel/bin/release/net481/nunitparallel.dll" id="8bc45126-a7ad-7365-19ac-0992f61c4df1">
      <Execution id="cdc5e65f-94ce-4631-80f6-1ac070f19411" />
      <TestMethod codeBase="C:\Users\chapm\Desktop\NunitParallel\NunitParallel/bin/Release/net481/NunitParallel.dll" adapterTypeName="executor://nunittestexecutor/" className="NunitParallel.Tests8" name="Test14" />
    </UnitTest>
    <UnitTest name="Test1" storage="c:\users\chapm\desktop\nunitparallel\nunitparallel/bin/release/net481/nunitparallel.dll" id="ad64e290-cbdb-3f42-8ae7-856bdc59a387">
      <Execution id="68156764-c860-441a-9958-990759aa850c" />
      <TestMethod codeBase="C:\Users\chapm\Desktop\NunitParallel\NunitParallel/bin/Release/net481/NunitParallel.dll" adapterTypeName="executor://nunittestexecutor/" className="NunitParallel.Tests6" name="Test1" />
    </UnitTest>
    <UnitTest name="Test16" storage="c:\users\chapm\desktop\nunitparallel\nunitparallel/bin/release/net481/nunitparallel.dll" id="43e88b5f-72f0-c064-3c28-3444a2f6bb0f">
      <Execution id="e101e85d-05cd-4e95-be8c-45820b08209f" />
      <TestMethod codeBase="C:\Users\chapm\Desktop\NunitParallel\NunitParallel/bin/Release/net481/NunitParallel.dll" adapterTypeName="executor://nunittestexecutor/" className="NunitParallel.Tests5" name="Test16" />
    </UnitTest>
    <UnitTest name="Test16" storage="c:\users\chapm\desktop\nunitparallel\nunitparallel/bin/release/net481/nunitparallel.dll" id="1135ad8e-8a37-09a4-ee51-211602fcb1f8">
      <Execution id="aee14b5d-923c-43cc-8930-d6589f2cfd63" />
      <TestMethod codeBase="C:\Users\chapm\Desktop\NunitParallel\NunitParallel/bin/Release/net481/NunitParallel.dll" adapterTypeName="executor://nunittestexecutor/" className="NunitParallel.Tests34" name="Test16" />
    </UnitTest>
    <UnitTest name="Test12" storage="c:\users\chapm\desktop\nunitparallel\nunitparallel/bin/release/net481/nunitparallel.dll" id="ec729b35-d0ec-0346-9b81-1ee80fe998a3">
      <Execution id="0b1e6288-8851-485b-a3f7-1100575ef0f1" />
      <TestMethod codeBase="C:\Users\chapm\Desktop\NunitParallel\NunitParallel/bin/Release/net481/NunitParallel.dll" adapterTypeName="executor://nunittestexecutor/" className="NunitParallel.Tests11" name="Test12" />
    </UnitTest>
    <UnitTest name="Test112" storage="c:\users\chapm\desktop\nunitparallel\nunitparallel/bin/release/net481/nunitparallel.dll" id="a605fabb-e2f2-31b8-b60c-1e0b76e0f364">
      <Execution id="a728fe36-37de-4c51-8e06-7be7df09335c" />
      <TestMethod codeBase="C:\Users\chapm\Desktop\NunitParallel\NunitParallel/bin/Release/net481/NunitParallel.dll" adapterTypeName="executor://nunittestexecutor/" className="NunitParallel.Tests34" name="Test112" />
    </UnitTest>
    <UnitTest name="Test15" storage="c:\users\chapm\desktop\nunitparallel\nunitparallel/bin/release/net481/nunitparallel.dll" id="4f34bd03-03fe-e962-36e4-cc9fd2663825">
      <Execution id="d25e7f4f-2e73-49cd-a21c-d973d122f20a" />
      <TestMethod codeBase="C:\Users\chapm\Desktop\NunitParallel\NunitParallel/bin/Release/net481/NunitParallel.dll" adapterTypeName="executor://nunittestexecutor/" className="NunitParallel.Tests7" name="Test15" />
    </UnitTest>
    <UnitTest name="XunitTests2.Tests.Test1" storage="c:\users\chapm\desktop\nunitparallel\xunittests2/bin/release/net481/xunittests2.dll" id="11c5493b-d7f0-eaed-9281-6750ad93840f">
      <Execution id="c66aece9-c90f-4bba-8892-70004f1d9594" />
      <TestMethod codeBase="C:\Users\chapm\Desktop\NunitParallel\XUnitTests2/bin/release/net481/XunitTests2.dll" adapterTypeName="executor://xunit/VsTestRunner2" className="XunitTests2.Tests" name="Test1" />
    </UnitTest>
    <UnitTest name="Test112" storage="c:\users\chapm\desktop\nunitparallel\nunitparallel/bin/release/net481/nunitparallel.dll" id="26f74f21-a57f-0867-71d2-85cac69fcad8">
      <Execution id="dbd4b44c-fab3-49f4-9a11-ca2c3979438c" />
      <TestMethod codeBase="C:\Users\chapm\Desktop\NunitParallel\NunitParallel/bin/Release/net481/NunitParallel.dll" adapterTypeName="executor://nunittestexecutor/" className="NunitParallel.Tests11" name="Test112" />
    </UnitTest>
    <UnitTest name="Test17" storage="c:\users\chapm\desktop\nunitparallel\nunitparallel/bin/release/net481/nunitparallel.dll" id="aaf88e62-d073-8a74-7adf-71b39681398d">
      <Execution id="b53b6bbd-e098-4117-ab25-2e44e3904422" />
      <TestMethod codeBase="C:\Users\chapm\Desktop\NunitParallel\NunitParallel/bin/Release/net481/NunitParallel.dll" adapterTypeName="executor://nunittestexecutor/" className="NunitParallel.Tests34" name="Test17" />
    </UnitTest>
    <UnitTest name="Test112" storage="c:\users\chapm\desktop\nunitparallel\nunitparallel/bin/release/net481/nunitparallel.dll" id="58b2dc13-b11e-4687-537b-fa6d51f7ee2f">
      <Execution id="2266f09f-4384-4d81-b5fc-e445081c9f99" />
      <TestMethod codeBase="C:\Users\chapm\Desktop\NunitParallel\NunitParallel/bin/Release/net481/NunitParallel.dll" adapterTypeName="executor://nunittestexecutor/" className="NunitParallel.Tests9" name="Test112" />
    </UnitTest>
    <UnitTest name="Test15" storage="c:\users\chapm\desktop\nunitparallel\nunitparallel/bin/release/net481/nunitparallel.dll" id="9b594785-c905-9924-6778-e71bd7b86203">
      <Execution id="e9c9a706-7597-4905-ad4a-fada4b08c44a" />
      <TestMethod codeBase="C:\Users\chapm\Desktop\NunitParallel\NunitParallel/bin/Release/net481/NunitParallel.dll" adapterTypeName="executor://nunittestexecutor/" className="NunitParallel.Tests6" name="Test15" />
    </UnitTest>
    <UnitTest name="Test3" storage="c:\users\chapm\desktop\nunitparallel\nunitparallel/bin/release/net481/nunitparallel.dll" id="4cb83051-fea8-2c53-956c-94ca66c30679">
      <Execution id="6ee03f80-f853-4e64-8f07-624698800938" />
      <TestMethod codeBase="C:\Users\chapm\Desktop\NunitParallel\NunitParallel/bin/Release/net481/NunitParallel.dll" adapterTypeName="executor://nunittestexecutor/" className="NunitParallel.Tests3" name="Test3" />
    </UnitTest>
    <UnitTest name="Test112" storage="c:\users\chapm\desktop\nunitparallel\nunitparallel/bin/release/net481/nunitparallel.dll" id="e6fb7ca7-6dc8-78f1-913a-d9a95e8a2477">
      <Execution id="78b58d4d-5925-4328-a28c-59d55db131aa" />
      <TestMethod codeBase="C:\Users\chapm\Desktop\NunitParallel\NunitParallel/bin/Release/net481/NunitParallel.dll" adapterTypeName="executor://nunittestexecutor/" className="NunitParallel.Tests12" name="Test112" />
    </UnitTest>
    <UnitTest name="Test1" storage="c:\users\chapm\desktop\nunitparallel\nunitparallel/bin/release/net481/nunitparallel.dll" id="7b68d53a-2bbf-9d70-bc6d-886444b69c07">
      <Execution id="6923030e-65a5-48cd-af76-b48368a8a56a" />
      <TestMethod codeBase="C:\Users\chapm\Desktop\NunitParallel\NunitParallel/bin/Release/net481/NunitParallel.dll" adapterTypeName="executor://nunittestexecutor/" className="NunitParallel.Tests" name="Test1" />
    </UnitTest>
    <UnitTest name="Test15" storage="c:\users\chapm\desktop\nunitparallel\nunitparallel/bin/release/net481/nunitparallel.dll" id="1fd928ed-ec7d-e6f7-1e4b-fa3d6a654131">
      <Execution id="7b3f6857-580a-4fdb-82a7-23ac2417e49d" />
      <TestMethod codeBase="C:\Users\chapm\Desktop\NunitParallel\NunitParallel/bin/Release/net481/NunitParallel.dll" adapterTypeName="executor://nunittestexecutor/" className="NunitParallel.Tests12" name="Test15" />
    </UnitTest>
    <UnitTest name="Test15" storage="c:\users\chapm\desktop\nunitparallel\nunitparallel/bin/release/net481/nunitparallel.dll" id="c65b8e3b-d187-56b2-1621-9f7e23791d25">
      <Execution id="43c470d5-cebb-47c5-ac6e-98f75468f94b" />
      <TestMethod codeBase="C:\Users\chapm\Desktop\NunitParallel\NunitParallel/bin/Release/net481/NunitParallel.dll" adapterTypeName="executor://nunittestexecutor/" className="NunitParallel.Tests8" name="Test15" />
    </UnitTest>
    <UnitTest name="Test13" storage="c:\users\chapm\desktop\nunitparallel\nunitparallel/bin/release/net481/nunitparallel.dll" id="5b5ad9c4-5829-d725-ecfc-6668e984d2f8">
      <Execution id="0fa5245d-3d55-4d54-8d10-46cb04a6e2f1" />
      <TestMethod codeBase="C:\Users\chapm\Desktop\NunitParallel\NunitParallel/bin/Release/net481/NunitParallel.dll" adapterTypeName="executor://nunittestexecutor/" className="NunitParallel.Tests34" name="Test13" />
    </UnitTest>
    <UnitTest name="Test18" storage="c:\users\chapm\desktop\nunitparallel\nunitparallel/bin/release/net481/nunitparallel.dll" id="07f58184-6ed3-bc8c-2346-a4cd7c6bc29a">
      <Execution id="4100c321-7585-4610-a7fd-c9069bfa4a90" />
      <TestMethod codeBase="C:\Users\chapm\Desktop\NunitParallel\NunitParallel/bin/Release/net481/NunitParallel.dll" adapterTypeName="executor://nunittestexecutor/" className="NunitParallel.Tests9" name="Test18" />
    </UnitTest>
    <UnitTest name="Test17" storage="c:\users\chapm\desktop\nunitparallel\nunitparallel/bin/release/net481/nunitparallel.dll" id="20bf6171-190a-acc0-f14d-6ab4c6cf2807">
      <Execution id="0164a54e-95c2-488c-bb79-11a00aa4063d" />
      <TestMethod codeBase="C:\Users\chapm\Desktop\NunitParallel\NunitParallel/bin/Release/net481/NunitParallel.dll" adapterTypeName="executor://nunittestexecutor/" className="NunitParallel.Tests7" name="Test17" />
    </UnitTest>
    <UnitTest name="Test12" storage="c:\users\chapm\desktop\nunitparallel\nunitparallel/bin/release/net481/nunitparallel.dll" id="da7473e4-b293-419a-a845-6a46ea266d62">
      <Execution id="43583735-02e5-4be0-8cea-a770392cca81" />
      <TestMethod codeBase="C:\Users\chapm\Desktop\NunitParallel\NunitParallel/bin/Release/net481/NunitParallel.dll" adapterTypeName="executor://nunittestexecutor/" className="NunitParallel.Tests12" name="Test12" />
    </UnitTest>
    <UnitTest name="Test19" storage="c:\users\chapm\desktop\nunitparallel\nunitparallel/bin/release/net481/nunitparallel.dll" id="da5d472e-16dd-d398-074c-fb26f7a3677e">
      <Execution id="246d5659-ee15-42cd-b8c2-ff9534fd8baa" />
      <TestMethod codeBase="C:\Users\chapm\Desktop\NunitParallel\NunitParallel/bin/Release/net481/NunitParallel.dll" adapterTypeName="executor://nunittestexecutor/" className="NunitParallel.Tests8" name="Test19" />
    </UnitTest>
    <UnitTest name="Test12" storage="c:\users\chapm\desktop\nunitparallel\nunitparallel/bin/release/net481/nunitparallel.dll" id="fbb90106-49e6-ed9c-899f-9bfba4ec3aa3">
      <Execution id="e4c3e06d-1de8-46c8-86b5-090eea9f10be" />
[...]
      <Execution id="df53c9c1-50bf-4651-80b3-e3a636baf9cb" />
      <TestMethod codeBase="C:\Users\chapm\Desktop\NunitParallel\NunitParallel/bin/Release/net481/NunitParallel.dll" adapterTypeName="executor://nunittestexecutor/" className="NunitParallel.Tests" name="Test17" />
    </UnitTest>
    <UnitTest name="Test15" storage="c:\users\chapm\desktop\nunitparallel\nunitparallel/bin/release/net481/nunitparallel.dll" id="c57cf636-0d8e-fac9-196d-46829e8bb47f">
      <Execution id="f8460e1b-7394-48cc-9edb-a01548f482ba" />
      <TestMethod codeBase="C:\Users\chapm\Desktop\NunitParallel\NunitParallel/bin/Release/net481/NunitParallel.dll" adapterTypeName="executor://nunittestexecutor/" className="NunitParallel.Tests11" name="Test15" />
    </UnitTest>
    <UnitTest name="Test17" storage="c:\users\chapm\desktop\nunitparallel\nunitparallel/bin/release/net481/nunitparallel.dll" id="10a12f06-de46-4c96-a632-6b2446a69964">
      <Execution id="d049862c-5b8a-40ad-9d26-ddd08c808339" />
      <TestMethod codeBase="C:\Users\chapm\Desktop\NunitParallel\NunitParallel/bin/Release/net481/NunitParallel.dll" adapterTypeName="executor://nunittestexecutor/" className="NunitParallel.Tests5" name="Test17" />
    </UnitTest>
  </TestDefinitions>
  <TestEntries>
    <TestEntry testId="33efaf36-3ad9-785a-a729-5d721eb49339" executionId="4ed64e0c-49db-437d-86fd-687b9003b88c" testListId="8c84fa94-04c1-424b-9868-57a2d4851a1d" />
    <TestEntry testId="92f72c80-44b8-5016-9d4e-b1d4a3fcc691" executionId="45d5e516-999d-441e-a5bc-5aef7926ce42" testListId="8c84fa94-04c1-424b-9868-57a2d4851a1d" />
    <TestEntry testId="4f34bd03-03fe-e962-36e4-cc9fd2663825" executionId="d25e7f4f-2e73-49cd-a21c-d973d122f20a" testListId="8c84fa94-04c1-424b-9868-57a2d4851a1d" />
    <TestEntry testId="62fbebaf-8cb9-75a9-a3d1-e9fb9e222f63" executionId="b813e78d-07a0-41a7-8c0f-fef7581da7fb" testListId="8c84fa94-04c1-424b-9868-57a2d4851a1d" />
    <TestEntry testId="ff3ca070-5d03-3e34-cf1f-ed07faccbcc3" executionId="257ec854-7d54-4bcc-92f1-456471e320df" testListId="8c84fa94-04c1-424b-9868-57a2d4851a1d" />
    <TestEntry testId="58b2dc13-b11e-4687-537b-fa6d51f7ee2f" executionId="2266f09f-4384-4d81-b5fc-e445081c9f99" testListId="8c84fa94-04c1-424b-9868-57a2d4851a1d" />
    <TestEntry testId="6d114866-08d3-e4ee-07dc-1eac049bc3ea" executionId="9303001e-86d1-4ed7-9a06-72995aedf328" testListId="8c84fa94-04c1-424b-9868-57a2d4851a1d" />
    <TestEntry testId="f9045ebd-966d-77c9-78ca-e2431a1fb770" executionId="67cfff9c-9c88-41ef-9470-1226639f9c59" testListId="8c84fa94-04c1-424b-9868-57a2d4851a1d" />
    <TestEntry testId="b3675b6c-ffbc-f3cf-c507-959e5d448e4b" executionId="75e94ae6-85c0-4f4f-adff-c4d019909323" testListId="8c84fa94-04c1-424b-9868-57a2d4851a1d" />
    <TestEntry testId="3e170c74-fb51-a694-c7fd-2d0ec950b728" executionId="95949584-a90c-4dc8-820c-146cdc9d9c83" testListId="8c84fa94-04c1-424b-9868-57a2d4851a1d" />
    <TestEntry testId="9d1fa5a6-b2db-329e-5c6a-5449c016c5fc" executionId="66171cb1-02b8-498c-a742-889b86194d4e" testListId="8c84fa94-04c1-424b-9868-57a2d4851a1d" />
    <TestEntry testId="9e08b206-5089-e2cf-7877-5eb8f23fc6e7" executionId="f7b9590c-94b6-49b7-b754-4447be1d314f" testListId="8c84fa94-04c1-424b-9868-57a2d4851a1d" />
    <TestEntry testId="0623e84b-f689-54c0-8d2d-b03fca751202" executionId="dbace1fa-69f9-47a3-a684-0924825b3cc2" testListId="8c84fa94-04c1-424b-9868-57a2d4851a1d" />
    <TestEntry testId="18c2679e-bdea-58fe-e380-04fcab05dad0" executionId="2b0aeea4-5222-45b9-84f5-1d33223603cc" testListId="8c84fa94-04c1-424b-9868-57a2d4851a1d" />
    <TestEntry testId="da5d472e-16dd-d398-074c-fb26f7a3677e" executionId="246d5659-ee15-42cd-b8c2-ff9534fd8baa" testListId="8c84fa94-04c1-424b-9868-57a2d4851a1d" />
    <TestEntry testId="3a8f6e26-e1ea-d1fb-2de9-80a847cc19e6" executionId="e89ef7f8-fa87-452e-919f-f0cd5e1d557e" testListId="8c84fa94-04c1-424b-9868-57a2d4851a1d" />
    <TestEntry testId="c57cf636-0d8e-fac9-196d-46829e8bb47f" executionId="f8460e1b-7394-48cc-9edb-a01548f482ba" testListId="8c84fa94-04c1-424b-9868-57a2d4851a1d" />
    <TestEntry testId="a605fabb-e2f2-31b8-b60c-1e0b76e0f364" executionId="a728fe36-37de-4c51-8e06-7be7df09335c" testListId="8c84fa94-04c1-424b-9868-57a2d4851a1d" />
    <TestEntry testId="1aabb133-e4e4-21b0-f22d-ff3e3cc43e23" executionId="cd327e68-35ab-4a5b-8537-8b1df2bc80f9" testListId="8c84fa94-04c1-424b-9868-57a2d4851a1d" />
    <TestEntry testId="a104eba9-487d-fcdd-fb1c-b70cb54f0f3b" executionId="09f3068f-1797-4a81-8c3e-e0fae5ad756e" testListId="8c84fa94-04c1-424b-9868-57a2d4851a1d" />
    <TestEntry testId="1a459272-aeac-2906-e4d5-797648ee9f2b" executionId="5f428a75-b204-451d-b5bd-dc4dda9dc4e3" testListId="8c84fa94-04c1-424b-9868-57a2d4851a1d" />
    <TestEntry testId="20bf6171-190a-acc0-f14d-6ab4c6cf2807" executionId="0164a54e-95c2-488c-bb79-11a00aa4063d" testListId="8c84fa94-04c1-424b-9868-57a2d4851a1d" />
    <TestEntry testId="37d16f28-021f-ff81-2509-44fcb136d2ab" executionId="0557e3ab-2440-4bcd-be3d-f824b7e413b8" testListId="8c84fa94-04c1-424b-9868-57a2d4851a1d" />
    <TestEntry testId="aaf88e62-d073-8a74-7adf-71b39681398d" executionId="b53b6bbd-e098-4117-ab25-2e44e3904422" testListId="8c84fa94-04c1-424b-9868-57a2d4851a1d" />
    <TestEntry testId="1135ad8e-8a37-09a4-ee51-211602fcb1f8" executionId="aee14b5d-923c-43cc-8930-d6589f2cfd63" testListId="8c84fa94-04c1-424b-9868-57a2d4851a1d" />
    <TestEntry testId="66053208-124a-8409-5da8-7fe8ca7b368e" executionId="d0959583-74df-4924-a1d2-d878ab89ddd8" testListId="8c84fa94-04c1-424b-9868-57a2d4851a1d" />
    <TestEntry testId="0e217c85-8991-395a-a38e-be2627eb637e" executionId="c54ff341-94e4-4f47-8cc0-e3acf341ef68" testListId="8c84fa94-04c1-424b-9868-57a2d4851a1d" />
    <TestEntry testId="9265d4a9-b585-b9b1-120b-095b09ce6c14" executionId="dd8c629d-3a20-43bd-8c5f-614afe10d155" testListId="8c84fa94-04c1-424b-9868-57a2d4851a1d" />
    <TestEntry testId="af5ad79c-3da0-e998-fbd5-cc45306a1ff4" executionId="c0d6f13f-0345-403c-9c92-ba58ed44c894" testListId="8c84fa94-04c1-424b-9868-57a2d4851a1d" />
    <TestEntry testId="9834e61d-626b-1f6b-4f0a-995c7240a104" executionId="76f3e52f-857f-460e-899c-cca4449181e3" testListId="8c84fa94-04c1-424b-9868-57a2d4851a1d" />
    <TestEntry testId="46a3bad6-2759-d195-4dfc-9246184b8eb8" executionId="4f750507-c021-4049-9c64-568313b2cc59" testListId="8c84fa94-04c1-424b-9868-57a2d4851a1d" />
    <TestEntry testId="f9764bc9-edfb-18b0-472f-c57305193d18" executionId="9ce8997f-2336-4a09-b788-e580d99c883c" testListId="8c84fa94-04c1-424b-9868-57a2d4851a1d" />
    <TestEntry testId="43e88b5f-72f0-c064-3c28-3444a2f6bb0f" executionId="e101e85d-05cd-4e95-be8c-45820b08209f" testListId="8c84fa94-04c1-424b-9868-57a2d4851a1d" />
    <TestEntry testId="10dd2cad-a256-c8c9-5883-8309dd2422d1" executionId="d292740e-7318-44c5-bad0-dec67a8bb2fc" testListId="8c84fa94-04c1-424b-9868-57a2d4851a1d" />
    <TestEntry testId="45781636-4e06-e404-91db-27757910849c" executionId="a52efea6-9cf3-43c9-886b-f43bb63ec9e9" testListId="8c84fa94-04c1-424b-9868-57a2d4851a1d" />
    <TestEntry testId="80fe1710-444b-c954-d5a3-bc061d774cdc" executionId="ec5f1634-8192-47bc-809e-012fa6408af9" testListId="8c84fa94-04c1-424b-9868-57a2d4851a1d" />
    <TestEntry testId="02bcb8b7-4460-c62e-5358-bf19e4076ea6" executionId="beef04fd-cfcb-49f2-90a8-4b75faefacec" testListId="8c84fa94-04c1-424b-9868-57a2d4851a1d" />
    <TestEntry testId="fa1431e8-06ad-2073-b89b-bd93f68e516c" executionId="076ceb59-3340-4be3-afcf-ce9a72f90aa1" testListId="8c84fa94-04c1-424b-9868-57a2d4851a1d" />
    <TestEntry testId="77a1031b-4d72-ec19-4603-2420db39a622" executionId="79cb4965-6000-4c5d-b64a-6d26c3a70ee7" testListId="8c84fa94-04c1-424b-9868-57a2d4851a1d" />
    <TestEntry testId="11c5493b-d7f0-eaed-9281-6750ad93840f" executionId="c66aece9-c90f-4bba-8892-70004f1d9594" testListId="8c84fa94-04c1-424b-9868-57a2d4851a1d" />
    <TestEntry testId="e46d6a44-4b6e-f34d-eb09-8be425f09b8d" executionId="da98f712-72f3-4a5d-9d80-83164c926b96" testListId="8c84fa94-04c1-424b-9868-57a2d4851a1d" />
    <TestEntry testId="7f3f13ca-b74f-61c3-43ec-9154f4f9aba8" executionId="7879e349-478d-405a-ab09-3e798ae37697" testListId="8c84fa94-04c1-424b-9868-57a2d4851a1d" />
    <TestEntry testId="98148501-8229-e358-d79a-8a336b404e5b" executionId="c4f10a36-5d0e-42fd-beb0-62b132617645" testListId="8c84fa94-04c1-424b-9868-57a2d4851a1d" />
    <TestEntry testId="ec729b35-d0ec-0346-9b81-1ee80fe998a3" executionId="0b1e6288-8851-485b-a3f7-1100575ef0f1" testListId="8c84fa94-04c1-424b-9868-57a2d4851a1d" />
    <TestEntry testId="dde3c967-8c6f-921f-10bf-01f16ddb990d" executionId="3ccea8e6-ad79-472d-aae5-f46d7a4c4c2d" testListId="8c84fa94-04c1-424b-9868-57a2d4851a1d" />
    <TestEntry testId="8bc45126-a7ad-7365-19ac-0992f61c4df1" executionId="cdc5e65f-94ce-4631-80f6-1ac070f19411" testListId="8c84fa94-04c1-424b-9868-57a2d4851a1d" />
    <TestEntry testId="a79e5d68-1966-e5cb-f4a8-4de5bdfc9969" executionId="a30f2440-a0c4-4702-a997-65ce77804f43" testListId="8c84fa94-04c1-424b-9868-57a2d4851a1d" />
    <TestEntry testId="65663923-0033-473d-37f3-53742c9cb045" executionId="3954ae4c-03a3-4c94-8c94-0fa697afb204" testListId="8c84fa94-04c1-424b-9868-57a2d4851a1d" />
    <TestEntry testId="7c92cfee-3ad9-4497-92f9-fe0aba6f68e8" executionId="87e6d15f-7ce8-42b0-ba64-d645b07220f2" testListId="8c84fa94-04c1-424b-9868-57a2d4851a1d" />
    <TestEntry testId="3a891510-3a32-3754-287d-c693b7dd5098" executionId="96d73bde-3eee-4cf8-b966-679431a3113c" testListId="8c84fa94-04c1-424b-9868-57a2d4851a1d" />
    <TestEntry testId="a9033239-2233-4078-3c71-31df57ae1a89" executionId="3f0508eb-fff3-4e67-9efc-4eb4177afeb2" testListId="8c84fa94-04c1-424b-9868-57a2d4851a1d" />
    <TestEntry testId="9b594785-c905-9924-6778-e71bd7b86203" executionId="e9c9a706-7597-4905-ad4a-fada4b08c44a" testListId="8c84fa94-04c1-424b-9868-57a2d4851a1d" />
    <TestEntry testId="523f04dd-f0de-7750-e7c3-731f2862f446" executionId="3b2bc4f1-0ca3-4906-b63c-7f0df93410ef" testListId="8c84fa94-04c1-424b-9868-57a2d4851a1d" />
    <TestEntry testId="f94d06ed-c69d-d169-32e1-1301bfbfe1c7" executionId="c9c49c2a-98d6-4ea8-a2bc-27594fd6beeb" testListId="8c84fa94-04c1-424b-9868-57a2d4851a1d" />
    <TestEntry testId="ba2bdc1c-6894-a90e-1f7e-055fc9d1174f" executionId="f0f22216-04fa-4f54-9b5a-35c2cfa806fc" testListId="8c84fa94-04c1-424b-9868-57a2d4851a1d" />
    <TestEntry testId="083edbd0-3a01-fa69-3e5f-9eb6fd25c00c" executionId="233dd448-6adc-4a90-95dd-34dc4619a257" testListId="8c84fa94-04c1-424b-9868-57a2d4851a1d" />
    <TestEntry testId="5b5ad9c4-5829-d725-ecfc-6668e984d2f8" executionId="0fa5245d-3d55-4d54-8d10-46cb04a6e2f1" testListId="8c84fa94-04c1-424b-9868-57a2d4851a1d" />
    <TestEntry testId="ab08cbf1-9c2d-1bfe-425d-7f6bfa3d90ee" executionId="df53c9c1-50bf-4651-80b3-e3a636baf9cb" testListId="8c84fa94-04c1-424b-9868-57a2d4851a1d" />
    <TestEntry testId="df12e795-f81c-03f2-09b1-9b8ec10f348d" executionId="49161488-551c-4c66-83c1-506dcbfac9e8" testListId="8c84fa94-04c1-424b-9868-57a2d4851a1d" />
    <TestEntry testId="136de393-5c2f-9338-4a19-31f18c2c8478" executionId="a05b377b-614b-4b71-a3c1-9d0caa78a45d" testListId="8c84fa94-04c1-424b-9868-57a2d4851a1d" />
    <TestEntry testId="5b0056e8-f62e-0194-4596-af588dc55740" executionId="334183e5-58c1-4e71-a080-71f32eaa9324" testListId="8c84fa94-04c1-424b-9868-57a2d4851a1d" />
    <TestEntry testId="1421b4eb-425f-9d45-d394-86b5a9dbe611" executionId="f3620ea9-3046-4018-826d-149bbdde52d3" testListId="8c84fa94-04c1-424b-9868-57a2d4851a1d" />
    <TestEntry testId="14ceea3f-fd21-a964-9c91-194609fb85dc" executionId="db9ecde6-06b2-4f92-9c2f-0c0eab005bb9" testListId="8c84fa94-04c1-424b-9868-57a2d4851a1d" />
    <TestEntry testId="bf957f5b-e704-298a-cd75-c57bf6fc5955" executionId="45462081-eb2d-4259-8628-1f03284b57f7" testListId="8c84fa94-04c1-424b-9868-57a2d4851a1d" />
    <TestEntry testId="f9a6931a-08a2-3d96-97ac-af0c747d3996" executionId="2f4489ef-0104-4b32-bbcd-2d502ad19a69" testListId="8c84fa94-04c1-424b-9868-57a2d4851a1d" />
    <TestEntry testId="07f58184-6ed3-bc8c-2346-a4cd7c6bc29a" executionId="4100c321-7585-4610-a7fd-c9069bfa4a90" testListId="8c84fa94-04c1-424b-9868-57a2d4851a1d" />
    <TestEntry testId="61edf56f-ec18-6c63-e8e6-b164b7756ae0" executionId="f07258e2-8f60-4d4d-814a-5a5245c43a49" testListId="8c84fa94-04c1-424b-9868-57a2d4851a1d" />
    <TestEntry testId="94e8da01-6541-743f-b771-04ea069a5023" executionId="c1e62027-f643-4003-871a-38affcd72dc6" testListId="8c84fa94-04c1-424b-9868-57a2d4851a1d" />
    <TestEntry testId="f965f7c3-a148-451f-e2c5-5a43a88e61bf" executionId="76766c58-b287-4966-95a5-558712f05453" testListId="8c84fa94-04c1-424b-9868-57a2d4851a1d" />
    <TestEntry testId="f1a39f8c-880c-f75d-8edd-2f2a73c61719" executionId="ec2474f6-2d57-497f-a700-d1ee79630a84" testListId="8c84fa94-04c1-424b-9868-57a2d4851a1d" />
    <TestEntry testId="34e30f45-ec92-de67-7045-348f35eb8a7a" executionId="2dd4c20b-6d65-482a-be27-fa7f0b353de8" testListId="8c84fa94-04c1-424b-9868-57a2d4851a1d" />
    <TestEntry testId="ad64e290-cbdb-3f42-8ae7-856bdc59a387" executionId="68156764-c860-441a-9958-990759aa850c" testListId="8c84fa94-04c1-424b-9868-57a2d4851a1d" />
    <TestEntry testId="10a12f06-de46-4c96-a632-6b2446a69964" executionId="d049862c-5b8a-40ad-9d26-ddd08c808339" testListId="8c84fa94-04c1-424b-9868-57a2d4851a1d" />
    <TestEntry testId="e6fb7ca7-6dc8-78f1-913a-d9a95e8a2477" executionId="78b58d4d-5925-4328-a28c-59d55db131aa" testListId="8c84fa94-04c1-424b-9868-57a2d4851a1d" />
    <TestEntry testId="b18239e0-d58a-c3f5-e03d-4fc06197900e" executionId="e63ec6f1-e682-4247-b132-0e6551d7dd22" testListId="8c84fa94-04c1-424b-9868-57a2d4851a1d" />
    <TestEntry testId="d8abaa7e-6cfb-b324-c7d0-69f53c70601d" executionId="bb54f369-32e4-4f87-994c-b000aaddd480" testListId="8c84fa94-04c1-424b-9868-57a2d4851a1d" />
    <TestEntry testId="4cb83051-fea8-2c53-956c-94ca66c30679" executionId="6ee03f80-f853-4e64-8f07-624698800938" testListId="8c84fa94-04c1-424b-9868-57a2d4851a1d" />
    <TestEntry testId="f511e198-689a-3ab9-23b0-c4209e430e2a" executionId="3ca76ed2-a769-4594-896b-d7ca7716a2da" testListId="8c84fa94-04c1-424b-9868-57a2d4851a1d" />
    <TestEntry testId="e66115e4-b0bf-422d-409b-5ec9fc7c00d2" executionId="1633800a-8d74-4a0d-adc9-00b6dc6c4222" testListId="8c84fa94-04c1-424b-9868-57a2d4851a1d" />
    <TestEntry testId="9a49600b-4d26-32e9-c465-635587d876a8" executionId="a3ae249a-0a2e-44b4-b8d9-7229d1e5bc0d" testListId="8c84fa94-04c1-424b-9868-57a2d4851a1d" />
    <TestEntry testId="7b68d53a-2bbf-9d70-bc6d-886444b69c07" executionId="6923030e-65a5-48cd-af76-b48368a8a56a" testListId="8c84fa94-04c1-424b-9868-57a2d4851a1d" />
    <TestEntry testId="7ad6752b-887a-706f-dbdd-37c961fe8bf9" executionId="9bb976a7-c72b-41e7-966f-3b3aa83adb97" testListId="8c84fa94-04c1-424b-9868-57a2d4851a1d" />
    <TestEntry testId="50c36110-b5d7-d210-6918-4ef40f8f16cb" executionId="53e211d0-1b35-4f98-bc6f-b34b5517ff9b" testListId="8c84fa94-04c1-424b-9868-57a2d4851a1d" />
    <TestEntry testId="b22de6a0-7a61-8ef8-e538-af7274786a56" executionId="fbd8c58e-12f9-43f5-903a-8223c8dfc054" testListId="8c84fa94-04c1-424b-9868-57a2d4851a1d" />
    <TestEntry testId="1fd928ed-ec7d-e6f7-1e4b-fa3d6a654131" executionId="7b3f6857-580a-4fdb-82a7-23ac2417e49d" testListId="8c84fa94-04c1-424b-9868-57a2d4851a1d" />
    <TestEntry testId="fbb90106-49e6-ed9c-899f-9bfba4ec3aa3" executionId="e4c3e06d-1de8-46c8-86b5-090eea9f10be" testListId="8c84fa94-04c1-424b-9868-57a2d4851a1d" />
    <TestEntry testId="2e3321a3-df57-f0bc-5c80-79bc8ac6b825" executionId="8497db5e-6cfc-4e5c-bd55-ab1a043b3f02" testListId="8c84fa94-04c1-424b-9868-57a2d4851a1d" />
    <TestEntry testId="6eb3b2d6-5aa8-3c0f-28c1-bdf4f0e2348f" executionId="9ed7fabc-6b60-4959-be67-b4379c94fe38" testListId="8c84fa94-04c1-424b-9868-57a2d4851a1d" />
    <TestEntry testId="9e7affba-1013-03ab-af1f-747afb7a72a6" executionId="e507f734-3573-4b49-a048-70e69ebc0aeb" testListId="8c84fa94-04c1-424b-9868-57a2d4851a1d" />
    <TestEntry testId="dba3746e-63ad-74eb-e321-162666387d8b" executionId="696c9f50-a62f-46f3-b981-3603b4ce07b0" testListId="8c84fa94-04c1-424b-9868-57a2d4851a1d" />
    <TestEntry testId="94ab0d19-c472-78f7-6892-bf082bd13679" executionId="72f07486-5d9a-4945-8ea0-d7c1178c9a39" testListId="8c84fa94-04c1-424b-9868-57a2d4851a1d" />
    <TestEntry testId="e3ce759b-1489-a0d9-45f1-52d7b8a71318" executionId="85f623e4-8728-4dfa-945a-3cd0a9605176" testListId="8c84fa94-04c1-424b-9868-57a2d4851a1d" />
    <TestEntry testId="59061b7d-5089-1c66-fc54-1620e3680bc3" executionId="dc80568d-cb59-413d-869c-ae5ff52fd56f" testListId="8c84fa94-04c1-424b-9868-57a2d4851a1d" />
    <TestEntry testId="a5c98dce-9319-3dfa-57d7-01ecf32fe737" executionId="a3544795-dfbe-42c5-9938-13bdee428e39" testListId="8c84fa94-04c1-424b-9868-57a2d4851a1d" />
    <TestEntry testId="da93612a-3142-c87d-9cfc-ffc087bd2231" executionId="57ba03f2-bebd-4a1a-86fd-745e149bc8d3" testListId="8c84fa94-04c1-424b-9868-57a2d4851a1d" />
    <TestEntry testId="d8160c3d-5ccc-ad97-f468-b94b041b0893" executionId="69bf6aa2-7fd0-4e37-a807-627719b6dc67" testListId="8c84fa94-04c1-424b-9868-57a2d4851a1d" />
    <TestEntry testId="72de7cd3-ad8d-74be-2086-7c06ad28af11" executionId="96923784-2a12-471c-9223-c3b78e1b04ac" testListId="8c84fa94-04c1-424b-9868-57a2d4851a1d" />
    <TestEntry testId="c2adea4f-90af-c134-d023-3c565ec77671" executionId="54c168d2-77df-422d-9fa2-16ba375353af" testListId="8c84fa94-04c1-424b-9868-57a2d4851a1d" />
    <TestEntry testId="5431ec40-55ea-4a8a-7ed0-cc2cdeec0d77" executionId="330ba427-7dce-46c3-b3f6-397493434dd2" testListId="8c84fa94-04c1-424b-9868-57a2d4851a1d" />
    <TestEntry testId="c65b8e3b-d187-56b2-1621-9f7e23791d25" executionId="43c470d5-cebb-47c5-ac6e-98f75468f94b" testListId="8c84fa94-04c1-424b-9868-57a2d4851a1d" />
    <TestEntry testId="26f74f21-a57f-0867-71d2-85cac69fcad8" executionId="dbd4b44c-fab3-49f4-9a11-ca2c3979438c" testListId="8c84fa94-04c1-424b-9868-57a2d4851a1d" />
    <TestEntry testId="d4697f78-6ac6-b900-8fd8-4920442ce735" executionId="f196240a-19d8-4473-920e-1ab429be329a" testListId="8c84fa94-04c1-424b-9868-57a2d4851a1d" />
    <TestEntry testId="dbb6e1e2-ca92-f802-b555-61ae60e382ee" executionId="01a2c2b2-6025-4116-bb03-c961c55f421a" testListId="8c84fa94-04c1-424b-9868-57a2d4851a1d" />
    <TestEntry testId="da7473e4-b293-419a-a845-6a46ea266d62" executionId="43583735-02e5-4be0-8cea-a770392cca81" testListId="8c84fa94-04c1-424b-9868-57a2d4851a1d" />
    <TestEntry testId="175c8209-2688-f40c-6fcd-66907ed411f4" executionId="ef07c91d-e833-4244-9264-64328ff35828" testListId="8c84fa94-04c1-424b-9868-57a2d4851a1d" />
  </TestEntries>
  <TestLists>
    <TestList name="Results Not in a List" id="8c84fa94-04c1-424b-9868-57a2d4851a1d" />
    <TestList name="All Loaded Results" id="19431567-8539-422a-85d7-44ee4e166bda" />
  </TestLists>
  <ResultSummary outcome="Completed">
    <Counters total="105" executed="105" passed="105" failed="0" error="0" timeout="0" aborted="0" inconclusive="0" passedButRunAborted="0" notRunnable="0" notExecuted="0" disconnected="0" warning="0" completed="0" inProgress="0" pending="0" />
    <Output>
      <StdOut>NUnit VS Adapter 2.2.0.0 executing tests is started&#xD;
Loading tests from C:\Users\chapm\Desktop\NunitParallel\NunitParallel/bin/Release/net481/NunitParallel.dll&#xD;
Run started: C:\Users\chapm\Desktop\NunitParallel\NunitParallel/bin/Release/net481/NunitParallel.dll&#xD;
[xUnit.net 00:00:00.5366568]   Discovering: XunitTests&#xD;
[xUnit.net 00:00:00.5620857]   Discovering: XunitTests2&#xD;
[xUnit.net 00:00:00.7040296]   Discovered:  XunitTests&#xD;
[xUnit.net 00:00:00.7284737]   Discovered:  XunitTests2&#xD;
[xUnit.net 00:00:01.2487761]   Starting:    XunitTests&#xD;
[xUnit.net 00:00:01.2690009]   Starting:    XunitTests2&#xD;
NUnit VS Adapter 2.2.0.0 executing tests is finished&#xD;
[xUnit.net 00:00:11.4425988]   Finished:    XunitTests&#xD;
[xUnit.net 00:00:11.4488565]   Finished:    XunitTests2&#xD;
</StdOut>
    </Output>
  </ResultSummary>
</TestRun>